This is pdfTeX, Version 3.141592653-2.6-1.40.26 (TeX Live 2024/nixos.org) (preloaded format=pdflatex 1980.1.1)  13 JAN 2026 17:02
entering extended mode
 restricted \write18 enabled.
 %&-line parsing enabled.
**./main.tex
(./main.tex
LaTeX2e <2024-11-01> patch level 2
L3 programming layer <2025-01-18>

(/nix/store/7ii7vwwkzjyc7ymb9lsg8ahk9r1r8isi-texlive-combined-2024-texmfdist/te
x/latex/base/article.cls
Document Class: article 2024/06/29 v1.4n Standard LaTeX document class

(/nix/store/7ii7vwwkzjyc7ymb9lsg8ahk9r1r8isi-texlive-combined-2024-texmfdist/te
x/latex/base/size10.clo
File: size10.clo 2024/06/29 v1.4n Standard LaTeX file (size option)
)
\c@part=\count196
\c@section=\count197
\c@subsection=\count198
\c@subsubsection=\count199
\c@paragraph=\count266
\c@subparagraph=\count267
\c@figure=\count268
\c@table=\count269
\abovecaptionskip=\skip49
\belowcaptionskip=\skip50
\bibindent=\dimen141
)
(/nix/store/7ii7vwwkzjyc7ymb9lsg8ahk9r1r8isi-texlive-combined-2024-texmfdist/te
x/latex/tex-gyre/tgschola.sty
Package: tgschola 2009/09/27 v1.2 TeX Gyre Schola as default roman family

(/nix/store/7ii7vwwkzjyc7ymb9lsg8ahk9r1r8isi-texlive-combined-2024-texmfdist/te
x/latex/kvoptions/kvoptions.sty
Package: kvoptions 2022-06-15 v3.15 Key value format for package options (HO)

(/nix/store/7ii7vwwkzjyc7ymb9lsg8ahk9r1r8isi-texlive-combined-2024-texmfdist/te
x/latex/graphics/keyval.sty
Package: keyval 2022/05/29 v1.15 key=value parser (DPC)
\KV@toks@=\toks17
)
(/nix/store/7ii7vwwkzjyc7ymb9lsg8ahk9r1r8isi-texlive-combined-2024-texmfdist/te
x/generic/ltxcmds/ltxcmds.sty
Package: ltxcmds 2023-12-04 v1.26 LaTeX kernel commands for general use (HO)
)
(/nix/store/7ii7vwwkzjyc7ymb9lsg8ahk9r1r8isi-texlive-combined-2024-texmfdist/te
x/latex/kvsetkeys/kvsetkeys.sty
Package: kvsetkeys 2022-10-05 v1.19 Key value parser (HO)
)))
(/nix/store/7ii7vwwkzjyc7ymb9lsg8ahk9r1r8isi-texlive-combined-2024-texmfdist/te
x/latex/hyperref/hyperref.sty
Package: hyperref 2024-11-05 v7.01l Hypertext links for LaTeX

(/nix/store/7ii7vwwkzjyc7ymb9lsg8ahk9r1r8isi-texlive-combined-2024-texmfdist/te
x/generic/iftex/iftex.sty
Package: iftex 2024/12/12 v1.0g TeX engine tests
)
(/nix/store/7ii7vwwkzjyc7ymb9lsg8ahk9r1r8isi-texlive-combined-2024-texmfdist/te
x/generic/kvdefinekeys/kvdefinekeys.sty
Package: kvdefinekeys 2019-12-19 v1.6 Define keys (HO)
)
(/nix/store/7ii7vwwkzjyc7ymb9lsg8ahk9r1r8isi-texlive-combined-2024-texmfdist/te
x/generic/pdfescape/pdfescape.sty
Package: pdfescape 2019/12/09 v1.15 Implements pdfTeX's escape features (HO)

(/nix/store/7ii7vwwkzjyc7ymb9lsg8ahk9r1r8isi-texlive-combined-2024-texmfdist/te
x/generic/pdftexcmds/pdftexcmds.sty
Package: pdftexcmds 2020-06-27 v0.33 Utility functions of pdfTeX for LuaTeX (HO
)

(/nix/store/7ii7vwwkzjyc7ymb9lsg8ahk9r1r8isi-texlive-combined-2024-texmfdist/te
x/generic/infwarerr/infwarerr.sty
Package: infwarerr 2019/12/03 v1.5 Providing info/warning/error messages (HO)
)
Package pdftexcmds Info: \pdf@primitive is available.
Package pdftexcmds Info: \pdf@ifprimitive is available.
Package pdftexcmds Info: \pdfdraftmode found.
))
(/nix/store/7ii7vwwkzjyc7ymb9lsg8ahk9r1r8isi-texlive-combined-2024-texmfdist/te
x/latex/hycolor/hycolor.sty
Package: hycolor 2020-01-27 v1.10 Color options for hyperref/bookmark (HO)
)
(/nix/store/7ii7vwwkzjyc7ymb9lsg8ahk9r1r8isi-texlive-combined-2024-texmfdist/te
x/latex/hyperref/nameref.sty
Package: nameref 2023-11-26 v2.56 Cross-referencing by name of section

(/nix/store/7ii7vwwkzjyc7ymb9lsg8ahk9r1r8isi-texlive-combined-2024-texmfdist/te
x/latex/refcount/refcount.sty
Package: refcount 2019/12/15 v3.6 Data extraction from label references (HO)
)
(/nix/store/7ii7vwwkzjyc7ymb9lsg8ahk9r1r8isi-texlive-combined-2024-texmfdist/te
x/generic/gettitlestring/gettitlestring.sty
Package: gettitlestring 2019/12/15 v1.6 Cleanup title references (HO)
)
\c@section@level=\count270
)
(/nix/store/7ii7vwwkzjyc7ymb9lsg8ahk9r1r8isi-texlive-combined-2024-texmfdist/te
x/latex/etoolbox/etoolbox.sty
Package: etoolbox 2025/02/11 v2.5l e-TeX tools for LaTeX (JAW)
\etb@tempcnta=\count271
)
(/nix/store/7ii7vwwkzjyc7ymb9lsg8ahk9r1r8isi-texlive-combined-2024-texmfdist/te
x/generic/stringenc/stringenc.sty
Package: stringenc 2019/11/29 v1.12 Convert strings between diff. encodings (HO
)
)
\@linkdim=\dimen142
\Hy@linkcounter=\count272
\Hy@pagecounter=\count273

(/nix/store/7ii7vwwkzjyc7ymb9lsg8ahk9r1r8isi-texlive-combined-2024-texmfdist/te
x/latex/hyperref/pd1enc.def
File: pd1enc.def 2024-11-05 v7.01l Hyperref: PDFDocEncoding definition (HO)
Now handling font encoding PD1 ...
... no UTF-8 mapping file for font encoding PD1
)
(/nix/store/7ii7vwwkzjyc7ymb9lsg8ahk9r1r8isi-texlive-combined-2024-texmfdist/te
x/generic/intcalc/intcalc.sty
Package: intcalc 2019/12/15 v1.3 Expandable calculations with integers (HO)
)
\Hy@SavedSpaceFactor=\count274

(/nix/store/7ii7vwwkzjyc7ymb9lsg8ahk9r1r8isi-texlive-combined-2024-texmfdist/te
x/latex/hyperref/puenc.def
File: puenc.def 2024-11-05 v7.01l Hyperref: PDF Unicode definition (HO)
Now handling font encoding PU ...
... no UTF-8 mapping file for font encoding PU
)
Package hyperref Info: Hyper figures OFF on input line 4157.
Package hyperref Info: Link nesting OFF on input line 4162.
Package hyperref Info: Hyper index ON on input line 4165.
Package hyperref Info: Plain pages OFF on input line 4172.
Package hyperref Info: Backreferencing OFF on input line 4177.
Package hyperref Info: Implicit mode ON; LaTeX internals redefined.
Package hyperref Info: Bookmarks ON on input line 4424.
\c@Hy@tempcnt=\count275

(/nix/store/7ii7vwwkzjyc7ymb9lsg8ahk9r1r8isi-texlive-combined-2024-texmfdist/te
x/latex/url/url.sty
\Urlmuskip=\muskip17
Package: url 2013/09/16  ver 3.4  Verb mode for urls, etc.
)
LaTeX Info: Redefining \url on input line 4763.
\XeTeXLinkMargin=\dimen143

(/nix/store/7ii7vwwkzjyc7ymb9lsg8ahk9r1r8isi-texlive-combined-2024-texmfdist/te
x/generic/bitset/bitset.sty
Package: bitset 2019/12/09 v1.3 Handle bit-vector datatype (HO)

(/nix/store/7ii7vwwkzjyc7ymb9lsg8ahk9r1r8isi-texlive-combined-2024-texmfdist/te
x/generic/bigintcalc/bigintcalc.sty
Package: bigintcalc 2019/12/15 v1.5 Expandable calculations on big integers (HO
)
))
\Fld@menulength=\count276
\Field@Width=\dimen144
\Fld@charsize=\dimen145
Package hyperref Info: Hyper figures OFF on input line 6042.
Package hyperref Info: Link nesting OFF on input line 6047.
Package hyperref Info: Hyper index ON on input line 6050.
Package hyperref Info: backreferencing OFF on input line 6057.
Package hyperref Info: Link coloring OFF on input line 6062.
Package hyperref Info: Link coloring with OCG OFF on input line 6067.
Package hyperref Info: PDF/A mode OFF on input line 6072.

(/nix/store/7ii7vwwkzjyc7ymb9lsg8ahk9r1r8isi-texlive-combined-2024-texmfdist/te
x/latex/base/atbegshi-ltx.sty
Package: atbegshi-ltx 2021/01/10 v1.0c Emulation of the original atbegshi
package with kernel methods
)
\Hy@abspage=\count277
\c@Item=\count278
\c@Hfootnote=\count279
)
Package hyperref Info: Driver (autodetected): hpdftex.

(/nix/store/7ii7vwwkzjyc7ymb9lsg8ahk9r1r8isi-texlive-combined-2024-texmfdist/te
x/latex/hyperref/hpdftex.def
File: hpdftex.def 2024-11-05 v7.01l Hyperref driver for pdfTeX

(/nix/store/7ii7vwwkzjyc7ymb9lsg8ahk9r1r8isi-texlive-combined-2024-texmfdist/te
x/latex/base/atveryend-ltx.sty
Package: atveryend-ltx 2020/08/19 v1.0a Emulation of the original atveryend pac
kage
with kernel methods
)
\Fld@listcount=\count280
\c@bookmark@seq@number=\count281

(/nix/store/7ii7vwwkzjyc7ymb9lsg8ahk9r1r8isi-texlive-combined-2024-texmfdist/te
x/latex/rerunfilecheck/rerunfilecheck.sty
Package: rerunfilecheck 2022-07-10 v1.10 Rerun checks for auxiliary files (HO)

(/nix/store/7ii7vwwkzjyc7ymb9lsg8ahk9r1r8isi-texlive-combined-2024-texmfdist/te
x/generic/uniquecounter/uniquecounter.sty
Package: uniquecounter 2019/12/15 v1.4 Provide unlimited unique counter (HO)
)
Package uniquecounter Info: New unique counter `rerunfilecheck' on input line 2
85.
)
\Hy@SectionHShift=\skip51
)
(/nix/store/7ii7vwwkzjyc7ymb9lsg8ahk9r1r8isi-texlive-combined-2024-texmfdist/te
x/latex/amsmath/amsmath.sty
Package: amsmath 2024/11/05 v2.17t AMS math features
\@mathmargin=\skip52

For additional information on amsmath, use the `?' option.

(/nix/store/7ii7vwwkzjyc7ymb9lsg8ahk9r1r8isi-texlive-combined-2024-texmfdist/te
x/latex/amsmath/amstext.sty
Package: amstext 2021/08/26 v2.01 AMS text

(/nix/store/7ii7vwwkzjyc7ymb9lsg8ahk9r1r8isi-texlive-combined-2024-texmfdist/te
x/latex/amsmath/amsgen.sty
File: amsgen.sty 1999/11/30 v2.0 generic functions
\@emptytoks=\toks18
\ex@=\dimen146
))
(/nix/store/7ii7vwwkzjyc7ymb9lsg8ahk9r1r8isi-texlive-combined-2024-texmfdist/te
x/latex/amsmath/amsbsy.sty
Package: amsbsy 1999/11/29 v1.2d Bold Symbols
\pmbraise@=\dimen147
)
(/nix/store/7ii7vwwkzjyc7ymb9lsg8ahk9r1r8isi-texlive-combined-2024-texmfdist/te
x/latex/amsmath/amsopn.sty
Package: amsopn 2022/04/08 v2.04 operator names
)
\inf@bad=\count282
LaTeX Info: Redefining \frac on input line 233.
\uproot@=\count283
\leftroot@=\count284
LaTeX Info: Redefining \overline on input line 398.
LaTeX Info: Redefining \colon on input line 409.
\classnum@=\count285
\DOTSCASE@=\count286
LaTeX Info: Redefining \ldots on input line 495.
LaTeX Info: Redefining \dots on input line 498.
LaTeX Info: Redefining \cdots on input line 619.
\Mathstrutbox@=\box52
\strutbox@=\box53
LaTeX Info: Redefining \big on input line 721.
LaTeX Info: Redefining \Big on input line 722.
LaTeX Info: Redefining \bigg on input line 723.
LaTeX Info: Redefining \Bigg on input line 724.
\big@size=\dimen148
LaTeX Font Info:    Redeclaring font encoding OML on input line 742.
LaTeX Font Info:    Redeclaring font encoding OMS on input line 743.
\macc@depth=\count287
LaTeX Info: Redefining \bmod on input line 904.
LaTeX Info: Redefining \pmod on input line 909.
LaTeX Info: Redefining \smash on input line 939.
LaTeX Info: Redefining \relbar on input line 969.
LaTeX Info: Redefining \Relbar on input line 970.
\c@MaxMatrixCols=\count288
\dotsspace@=\muskip18
\c@parentequation=\count289
\dspbrk@lvl=\count290
\tag@help=\toks19
\row@=\count291
\column@=\count292
\maxfields@=\count293
\andhelp@=\toks20
\eqnshift@=\dimen149
\alignsep@=\dimen150
\tagshift@=\dimen151
\tagwidth@=\dimen152
\totwidth@=\dimen153
\lineht@=\dimen154
\@envbody=\toks21
\multlinegap=\skip53
\multlinetaggap=\skip54
\mathdisplay@stack=\toks22
LaTeX Info: Redefining \[ on input line 2953.
LaTeX Info: Redefining \] on input line 2954.
)
(/nix/store/7ii7vwwkzjyc7ymb9lsg8ahk9r1r8isi-texlive-combined-2024-texmfdist/te
x/latex/amsfonts/amssymb.sty
Package: amssymb 2013/01/14 v3.01 AMS font symbols

(/nix/store/7ii7vwwkzjyc7ymb9lsg8ahk9r1r8isi-texlive-combined-2024-texmfdist/te
x/latex/amsfonts/amsfonts.sty
Package: amsfonts 2013/01/14 v3.01 Basic AMSFonts support
\symAMSa=\mathgroup4
\symAMSb=\mathgroup5
LaTeX Font Info:    Redeclaring math symbol \hbar on input line 98.
LaTeX Font Info:    Overwriting math alphabet `\mathfrak' in version `bold'
(Font)                  U/euf/m/n --> U/euf/b/n on input line 106.
))
(/nix/store/7ii7vwwkzjyc7ymb9lsg8ahk9r1r8isi-texlive-combined-2024-texmfdist/te
x/latex/leftindex/leftindex.sty
(/nix/store/7ii7vwwkzjyc7ymb9lsg8ahk9r1r8isi-texlive-combined-2024-texmfdist/te
x/latex/l3packages/xparse/xparse.sty
(/nix/store/7ii7vwwkzjyc7ymb9lsg8ahk9r1r8isi-texlive-combined-2024-texmfdist/te
x/latex/l3kernel/expl3.sty
Package: expl3 2025-01-18 L3 programming layer (loader) 

(/nix/store/7ii7vwwkzjyc7ymb9lsg8ahk9r1r8isi-texlive-combined-2024-texmfdist/te
x/latex/l3backend/l3backend-pdftex.def
File: l3backend-pdftex.def 2024-05-08 L3 backend support: PDF output (pdfTeX)
\l__color_backend_stack_int=\count294
\l__pdf_internal_box=\box54
))
Package: xparse 2024-08-16 L3 Experimental document command parser
)
(/nix/store/7ii7vwwkzjyc7ymb9lsg8ahk9r1r8isi-texlive-combined-2024-texmfdist/te
x/latex/mathtools/mathtools.sty
Package: mathtools 2024/10/04 v1.31 mathematical typesetting tools

(/nix/store/7ii7vwwkzjyc7ymb9lsg8ahk9r1r8isi-texlive-combined-2024-texmfdist/te
x/latex/tools/calc.sty
Package: calc 2023/07/08 v4.3 Infix arithmetic (KKT,FJ)
\calc@Acount=\count295
\calc@Bcount=\count296
\calc@Adimen=\dimen155
\calc@Bdimen=\dimen156
\calc@Askip=\skip55
\calc@Bskip=\skip56
LaTeX Info: Redefining \setlength on input line 80.
LaTeX Info: Redefining \addtolength on input line 81.
\calc@Ccount=\count297
\calc@Cskip=\skip57
)
(/nix/store/7ii7vwwkzjyc7ymb9lsg8ahk9r1r8isi-texlive-combined-2024-texmfdist/te
x/latex/mathtools/mhsetup.sty
Package: mhsetup 2021/03/18 v1.4 programming setup (MH)
)
\g_MT_multlinerow_int=\count298
\l_MT_multwidth_dim=\dimen157
\origjot=\skip58
\l_MT_shortvdotswithinadjustabove_dim=\dimen158
\l_MT_shortvdotswithinadjustbelow_dim=\dimen159
\l_MT_above_intertext_sep=\dimen160
\l_MT_below_intertext_sep=\dimen161
\l_MT_above_shortintertext_sep=\dimen162
\l_MT_below_shortintertext_sep=\dimen163
\xmathstrut@box=\box55
\xmathstrut@dim=\dimen164
)
Package: leftindex 2024/01/31 v0.2beta 
\l__leftindex_phantom_height_dim=\dimen165
\l__leftindex_slanting_phantom_with_subscript_box=\box56
\l__leftindex_slanting_phantom_with_subscript_dim=\dimen166
\l__leftindex_slanting_phantom_with_subscript_without_indentation_box=\box57
\l__leftindex_slanting_phantom_with_subscript_without_indentation_dim=\dimen167

\l__leftindex_indentation_of_slanting_phantom_subscript=\dimen168
\l__leftindex_superscript_temp_box=\box58
\l__leftindex_width_of_superscript_dim=\dimen169
\l__leftindex_subscript_temp_box=\box59
\l__leftindex_width_of_subscript_dim=\dimen170
)
(/nix/store/7ii7vwwkzjyc7ymb9lsg8ahk9r1r8isi-texlive-combined-2024-texmfdist/te
x/latex/graphics/graphicx.sty
Package: graphicx 2021/09/16 v1.2d Enhanced LaTeX Graphics (DPC,SPQR)

(/nix/store/7ii7vwwkzjyc7ymb9lsg8ahk9r1r8isi-texlive-combined-2024-texmfdist/te
x/latex/graphics/graphics.sty
Package: graphics 2024/08/06 v1.4g Standard LaTeX Graphics (DPC,SPQR)

(/nix/store/7ii7vwwkzjyc7ymb9lsg8ahk9r1r8isi-texlive-combined-2024-texmfdist/te
x/latex/graphics/trig.sty
Package: trig 2023/12/02 v1.11 sin cos tan (DPC)
)
(/nix/store/7ii7vwwkzjyc7ymb9lsg8ahk9r1r8isi-texlive-combined-2024-texmfdist/te
x/latex/graphics-cfg/graphics.cfg
File: graphics.cfg 2016/06/04 v1.11 sample graphics configuration
)
Package graphics Info: Driver file: pdftex.def on input line 106.

(/nix/store/7ii7vwwkzjyc7ymb9lsg8ahk9r1r8isi-texlive-combined-2024-texmfdist/te
x/latex/graphics-def/pdftex.def
File: pdftex.def 2024/04/13 v1.2c Graphics/color driver for pdftex
))
\Gin@req@height=\dimen171
\Gin@req@width=\dimen172
)
(/nix/store/7ii7vwwkzjyc7ymb9lsg8ahk9r1r8isi-texlive-combined-2024-texmfdist/te
x/latex/parskip/parskip.sty
Package: parskip 2021-03-14 v2.0h non-zero parskip adjustments
)
(/nix/store/7ii7vwwkzjyc7ymb9lsg8ahk9r1r8isi-texlive-combined-2024-texmfdist/te
x/latex/geometry/geometry.sty
Package: geometry 2020/01/02 v5.9 Page Geometry

(/nix/store/7ii7vwwkzjyc7ymb9lsg8ahk9r1r8isi-texlive-combined-2024-texmfdist/te
x/generic/iftex/ifvtex.sty
Package: ifvtex 2019/10/25 v1.7 ifvtex legacy package. Use iftex instead.
)
\Gm@cnth=\count299
\Gm@cntv=\count300
\c@Gm@tempcnt=\count301
\Gm@bindingoffset=\dimen173
\Gm@wd@mp=\dimen174
\Gm@odd@mp=\dimen175
\Gm@even@mp=\dimen176
\Gm@layoutwidth=\dimen177
\Gm@layoutheight=\dimen178
\Gm@layouthoffset=\dimen179
\Gm@layoutvoffset=\dimen180
\Gm@dimlist=\toks23
)
(/nix/store/7ii7vwwkzjyc7ymb9lsg8ahk9r1r8isi-texlive-combined-2024-texmfdist/te
x/latex/amscls/amsthm.sty
Package: amsthm 2020/05/29 v2.20.6
\thm@style=\toks24
\thm@bodyfont=\toks25
\thm@headfont=\toks26
\thm@notefont=\toks27
\thm@headpunct=\toks28
\thm@preskip=\skip59
\thm@postskip=\skip60
\thm@headsep=\skip61
\dth@everypar=\toks29
)
\c@theorem=\count302
\c@corollary=\count303
LaTeX Font Info:    Trying to load font information for OT1+qcs on input line 7
1.

(/nix/store/7ii7vwwkzjyc7ymb9lsg8ahk9r1r8isi-texlive-combined-2024-texmfdist/te
x/latex/tex-gyre/ot1qcs.fd
File: ot1qcs.fd 2009/09/25 v1.2 font definition file for OT1/qcs
) (.aux/main.aux)
\openout1 = `main.aux'.

LaTeX Font Info:    Checking defaults for OML/cmm/m/it on input line 71.
LaTeX Font Info:    ... okay on input line 71.
LaTeX Font Info:    Checking defaults for OMS/cmsy/m/n on input line 71.
LaTeX Font Info:    ... okay on input line 71.
LaTeX Font Info:    Checking defaults for OT1/cmr/m/n on input line 71.
LaTeX Font Info:    ... okay on input line 71.
LaTeX Font Info:    Checking defaults for T1/cmr/m/n on input line 71.
LaTeX Font Info:    ... okay on input line 71.
LaTeX Font Info:    Checking defaults for TS1/cmr/m/n on input line 71.
LaTeX Font Info:    ... okay on input line 71.
LaTeX Font Info:    Checking defaults for OMX/cmex/m/n on input line 71.
LaTeX Font Info:    ... okay on input line 71.
LaTeX Font Info:    Checking defaults for U/cmr/m/n on input line 71.
LaTeX Font Info:    ... okay on input line 71.
LaTeX Font Info:    Checking defaults for PD1/pdf/m/n on input line 71.
LaTeX Font Info:    ... okay on input line 71.
LaTeX Font Info:    Checking defaults for PU/pdf/m/n on input line 71.
LaTeX Font Info:    ... okay on input line 71.
Package hyperref Info: Link coloring OFF on input line 71.
 (.aux/main.out) (.aux/main.out)
\@outlinefile=\write3
\openout3 = `main.out'.


(/nix/store/7ii7vwwkzjyc7ymb9lsg8ahk9r1r8isi-texlive-combined-2024-texmfdist/te
x/context/base/mkii/supp-pdf.mkii
[Loading MPS to PDF converter (version 2006.09.02).]
\scratchcounter=\count304
\scratchdimen=\dimen181
\scratchbox=\box60
\nofMPsegments=\count305
\nofMParguments=\count306
\everyMPshowfont=\toks30
\MPscratchCnt=\count307
\MPscratchDim=\dimen182
\MPnumerator=\count308
\makeMPintoPDFobject=\count309
\everyMPtoPDFconversion=\toks31
)
(/nix/store/7ii7vwwkzjyc7ymb9lsg8ahk9r1r8isi-texlive-combined-2024-texmfdist/te
x/latex/epstopdf-pkg/epstopdf-base.sty
Package: epstopdf-base 2020-01-24 v2.11 Base part for package epstopdf
Package epstopdf-base Info: Redefining graphics rule for `.eps' on input line 4
85.

(/nix/store/7ii7vwwkzjyc7ymb9lsg8ahk9r1r8isi-texlive-combined-2024-texmfdist/te
x/latex/latexconfig/epstopdf-sys.cfg
File: epstopdf-sys.cfg 2010/07/13 v1.3 Configuration of (r)epstopdf for TeX Liv
e
))
Couldn't patch \deferred@thm@head!
*geometry* driver: auto-detecting
*geometry* detected driver: pdftex
*geometry* verbose mode - [ preamble ] result:
* driver: pdftex
* paper: a4paper
* layout: <same size as paper>
* layoutoffset:(h,v)=(0.0pt,0.0pt)
* modes: 
* h-part:(L,W,R)=(36.135pt, 525.23788pt, 36.135pt)
* v-part:(T,H,B)=(36.135pt, 758.32307pt, 50.58878pt)
* \paperwidth=597.50787pt
* \paperheight=845.04684pt
* \textwidth=525.23788pt
* \textheight=758.32307pt
* \oddsidemargin=-36.135pt
* \evensidemargin=-36.135pt
* \topmargin=-73.135pt
* \headheight=12.0pt
* \headsep=25.0pt
* \topskip=10.0pt
* \footskip=30.0pt
* \marginparwidth=57.0pt
* \marginparsep=11.0pt
* \columnsep=10.0pt
* \skip\footins=9.0pt plus 4.0pt minus 2.0pt
* \hoffset=0.0pt
* \voffset=0.0pt
* \mag=1000
* \@twocolumnfalse
* \@twosidefalse
* \@mparswitchfalse
* \@reversemarginfalse
* (1in=72.27pt=25.4mm, 1cm=28.453pt)

LaTeX Font Info:    Trying to load font information for U+msa on input line 74.


(/nix/store/7ii7vwwkzjyc7ymb9lsg8ahk9r1r8isi-texlive-combined-2024-texmfdist/te
x/latex/amsfonts/umsa.fd
File: umsa.fd 2013/01/14 v3.01 AMS symbols A
)
LaTeX Font Info:    Trying to load font information for U+msb on input line 74.


(/nix/store/7ii7vwwkzjyc7ymb9lsg8ahk9r1r8isi-texlive-combined-2024-texmfdist/te
x/latex/amsfonts/umsb.fd
File: umsb.fd 2013/01/14 v3.01 AMS symbols B
)
LaTeX Font Info:    Trying to load font information for TS1+qcs on input line 8
4.

(/nix/store/7ii7vwwkzjyc7ymb9lsg8ahk9r1r8isi-texlive-combined-2024-texmfdist/te
x/latex/tex-gyre/ts1qcs.fd
File: ts1qcs.fd 2009/09/25 v1.2 font definition file for TS1/qcs
)

[1

{/nix/store/d2k6338m8g8qnrgbc8a390pny0r024qq-texlive-combined-2024/share/texmf-
var/fonts/map/pdftex/updmap/pdftex.map}{/nix/store/7ii7vwwkzjyc7ymb9lsg8ahk9r1r
8isi-texlive-combined-2024-texmfdist/fonts/enc/dvips/tex-gyre/q-rm.enc}{/nix/st
ore/7ii7vwwkzjyc7ymb9lsg8ahk9r1r8isi-texlive-combined-2024-texmfdist/fonts/enc/
dvips/tex-gyre/q-ts1.enc}]
Underfull \hbox (badness 10000) in paragraph at lines 123--124

 []


Underfull \hbox (badness 10000) in paragraph at lines 133--134

 []


Underfull \hbox (badness 10000) in paragraph at lines 139--141

 []


Underfull \hbox (badness 10000) in paragraph at lines 143--144

 []



[2]
Underfull \hbox (badness 10000) in paragraph at lines 170--171

 []


Underfull \hbox (badness 10000) in paragraph at lines 176--178

 []



[3{/nix/store/7ii7vwwkzjyc7ymb9lsg8ahk9r1r8isi-texlive-combined-2024-texmfdist/
fonts/enc/dvips/cm-super/cm-super-ts1.enc}]
LaTeX Font Info:    Trying to load font information for U+euf on input line 229
.

(/nix/store/7ii7vwwkzjyc7ymb9lsg8ahk9r1r8isi-texlive-combined-2024-texmfdist/te
x/latex/amsfonts/ueuf.fd
File: ueuf.fd 2013/01/14 v3.01 Euler Fraktur
)

[4]
Underfull \hbox (badness 10000) in paragraph at lines 322--323

 []



[5]
Underfull \hbox (badness 10000) in paragraph at lines 332--334

 []


Underfull \hbox (badness 10000) in paragraph at lines 353--355

 []


Underfull \hbox (badness 10000) in paragraph at lines 357--358

 []


Underfull \hbox (badness 10000) in paragraph at lines 375--376

 []



[6]
Underfull \hbox (badness 10000) in paragraph at lines 385--387

 []


Package amsmath Warning: Foreign command \atopwithdelims;
(amsmath)                \frac or \genfrac should be used instead
(amsmath)                 on input line 408.



[7]

[8]

LaTeX Font Warning: Font shape `OT1/cmtt/b/n' undefined
(Font)              using `OT1/cmtt/m/n' instead on input line 488.

(.aux/main.bbl)

[9] (.aux/main.aux)
 ***********
LaTeX2e <2024-11-01> patch level 2
L3 programming layer <2025-01-18>
 ***********


LaTeX Font Warning: Some font shapes were not available, defaults substituted.

Package rerunfilecheck Info: File `main.out' has not changed.
(rerunfilecheck)             Checksum: 86B77274953FF5E101FF5ACCE136A945;2351.
 ) 
Here is how much of TeX's memory you used:
 11334 strings out of 473201
 182716 string characters out of 5694756
 595329 words of memory out of 5000000
 34369 multiletter control sequences out of 15000+600000
 601392 words of font info for 84 fonts, out of 8000000 for 9000
 1141 hyphenation exceptions out of 8191
 79i,21n,93p,1450b,581s stack positions out of 10000i,1000n,20000p,200000b,200000s
</nix/store/7ii7vwwkzjyc7ymb9lsg8ahk9r1r8isi-texlive-combined-2024-texmfdist/
fonts/type1/public/amsfonts/cm/cmex10.pfb></nix/store/7ii7vwwkzjyc7ymb9lsg8ahk9
r1r8isi-texlive-combined-2024-texmfdist/fonts/type1/public/amsfonts/cmextra/cme
x7.pfb></nix/store/7ii7vwwkzjyc7ymb9lsg8ahk9r1r8isi-texlive-combined-2024-texmf
dist/fonts/type1/public/amsfonts/cm/cmmi10.pfb></nix/store/7ii7vwwkzjyc7ymb9lsg
8ahk9r1r8isi-texlive-combined-2024-texmfdist/fonts/type1/public/amsfonts/cm/cmm
i5.pfb></nix/store/7ii7vwwkzjyc7ymb9lsg8ahk9r1r8isi-texlive-combined-2024-texmf
dist/fonts/type1/public/amsfonts/cm/cmmi7.pfb></nix/store/7ii7vwwkzjyc7ymb9lsg8
ahk9r1r8isi-texlive-combined-2024-texmfdist/fonts/type1/public/amsfonts/cm/cmr1
0.pfb></nix/store/7ii7vwwkzjyc7ymb9lsg8ahk9r1r8isi-texlive-combined-2024-texmfd
ist/fonts/type1/public/amsfonts/cm/cmr5.pfb></nix/store/7ii7vwwkzjyc7ymb9lsg8ah
k9r1r8isi-texlive-combined-2024-texmfdist/fonts/type1/public/amsfonts/cm/cmr7.p
fb></nix/store/7ii7vwwkzjyc7ymb9lsg8ahk9r1r8isi-texlive-combined-2024-texmfdist
/fonts/type1/public/amsfonts/cm/cmsy10.pfb></nix/store/7ii7vwwkzjyc7ymb9lsg8ahk
9r1r8isi-texlive-combined-2024-texmfdist/fonts/type1/public/amsfonts/cm/cmsy5.p
fb></nix/store/7ii7vwwkzjyc7ymb9lsg8ahk9r1r8isi-texlive-combined-2024-texmfdist
/fonts/type1/public/amsfonts/cm/cmsy7.pfb></nix/store/7ii7vwwkzjyc7ymb9lsg8ahk9
r1r8isi-texlive-combined-2024-texmfdist/fonts/type1/public/amsfonts/cm/cmtt10.p
fb></nix/store/7ii7vwwkzjyc7ymb9lsg8ahk9r1r8isi-texlive-combined-2024-texmfdist
/fonts/type1/public/amsfonts/cm/cmtt12.pfb></nix/store/7ii7vwwkzjyc7ymb9lsg8ahk
9r1r8isi-texlive-combined-2024-texmfdist/fonts/type1/public/amsfonts/euler/eufm
10.pfb></nix/store/7ii7vwwkzjyc7ymb9lsg8ahk9r1r8isi-texlive-combined-2024-texmf
dist/fonts/type1/public/amsfonts/euler/eufm7.pfb></nix/store/7ii7vwwkzjyc7ymb9l
sg8ahk9r1r8isi-texlive-combined-2024-texmfdist/fonts/type1/public/amsfonts/symb
ols/msam10.pfb></nix/store/7ii7vwwkzjyc7ymb9lsg8ahk9r1r8isi-texlive-combined-20
24-texmfdist/fonts/type1/public/amsfonts/symbols/msbm10.pfb></nix/store/7ii7vww
kzjyc7ymb9lsg8ahk9r1r8isi-texlive-combined-2024-texmfdist/fonts/type1/public/te
x-gyre/qcsb.pfb></nix/store/7ii7vwwkzjyc7ymb9lsg8ahk9r1r8isi-texlive-combined-2
024-texmfdist/fonts/type1/public/tex-gyre/qcsbi.pfb></nix/store/7ii7vwwkzjyc7ym
b9lsg8ahk9r1r8isi-texlive-combined-2024-texmfdist/fonts/type1/public/tex-gyre/q
csr.pfb></nix/store/7ii7vwwkzjyc7ymb9lsg8ahk9r1r8isi-texlive-combined-2024-texm
fdist/fonts/type1/public/tex-gyre/qcsri.pfb></nix/store/7ii7vwwkzjyc7ymb9lsg8ah
k9r1r8isi-texlive-combined-2024-texmfdist/fonts/type1/public/cm-super/sftt1000.
pfb>
Output written on .aux/main.pdf (9 pages, 318430 bytes).
PDF statistics:
 275 PDF objects out of 1000 (max. 8388607)
 216 compressed objects within 3 object streams
 49 named destinations out of 1000 (max. 500000)
 105 words of extra memory for PDF output out of 10000 (max. 10000000)

