This is pdfTeX, Version 3.141592653-2.6-1.40.24 (TeX Live 2022/nixos.org) (preloaded format=pdflatex 1980.1.1)  8 MAY 2024 22:43
entering extended mode
 restricted \write18 enabled.
 %&-line parsing enabled.
**./main.tex
(./main.tex
LaTeX2e <2022-11-01> patch level 1
L3 programming layer <2023-02-22>
(/nix/store/dy298nc1lrfg8h9zdc7yiqrzzd4qgk27-texlive-combined-full-2022-final-t
exmfdist/tex/latex/base/article.cls
Document Class: article 2022/07/02 v1.4n Standard LaTeX document class

(/nix/store/dy298nc1lrfg8h9zdc7yiqrzzd4qgk27-texlive-combined-full-2022-final-t
exmfdist/tex/latex/base/size12.clo
File: size12.clo 2022/07/02 v1.4n Standard LaTeX file (size option)
)
\c@part=\count185
\c@section=\count186
\c@subsection=\count187
\c@subsubsection=\count188
\c@paragraph=\count189
\c@subparagraph=\count190
\c@figure=\count191
\c@table=\count192
\abovecaptionskip=\skip48
\belowcaptionskip=\skip49
\bibindent=\dimen140
)
(/home/ramak/projects/LaTeX-libraries/preamble.tex
(/home/ramak/projects/LaTeX-libraries/Text.tex
(/nix/store/dy298nc1lrfg8h9zdc7yiqrzzd4qgk27-texlive-combined-full-2022-final-t
exmfdist/tex/latex/bookmark/bookmark.sty
Package: bookmark 2020-11-06 v1.29 PDF bookmarks (HO)

(/nix/store/dy298nc1lrfg8h9zdc7yiqrzzd4qgk27-texlive-combined-full-2022-final-t
exmfdist/tex/latex/hyperref/hyperref.sty
Package: hyperref 2023-02-07 v7.00v Hypertext links for LaTeX

(/nix/store/dy298nc1lrfg8h9zdc7yiqrzzd4qgk27-texlive-combined-full-2022-final-t
exmfdist/tex/generic/ltxcmds/ltxcmds.sty
Package: ltxcmds 2020-05-10 v1.25 LaTeX kernel commands for general use (HO)
)
(/nix/store/dy298nc1lrfg8h9zdc7yiqrzzd4qgk27-texlive-combined-full-2022-final-t
exmfdist/tex/generic/iftex/iftex.sty
Package: iftex 2022/02/03 v1.0f TeX engine tests
)
(/nix/store/dy298nc1lrfg8h9zdc7yiqrzzd4qgk27-texlive-combined-full-2022-final-t
exmfdist/tex/generic/pdftexcmds/pdftexcmds.sty
Package: pdftexcmds 2020-06-27 v0.33 Utility functions of pdfTeX for LuaTeX (HO
)

(/nix/store/dy298nc1lrfg8h9zdc7yiqrzzd4qgk27-texlive-combined-full-2022-final-t
exmfdist/tex/generic/infwarerr/infwarerr.sty
Package: infwarerr 2019/12/03 v1.5 Providing info/warning/error messages (HO)
)
Package pdftexcmds Info: \pdf@primitive is available.
Package pdftexcmds Info: \pdf@ifprimitive is available.
Package pdftexcmds Info: \pdfdraftmode found.
)
(/nix/store/dy298nc1lrfg8h9zdc7yiqrzzd4qgk27-texlive-combined-full-2022-final-t
exmfdist/tex/latex/graphics/keyval.sty
Package: keyval 2022/05/29 v1.15 key=value parser (DPC)
\KV@toks@=\toks16
)
(/nix/store/dy298nc1lrfg8h9zdc7yiqrzzd4qgk27-texlive-combined-full-2022-final-t
exmfdist/tex/latex/kvsetkeys/kvsetkeys.sty
Package: kvsetkeys 2022-10-05 v1.19 Key value parser (HO)
)
(/nix/store/dy298nc1lrfg8h9zdc7yiqrzzd4qgk27-texlive-combined-full-2022-final-t
exmfdist/tex/generic/kvdefinekeys/kvdefinekeys.sty
Package: kvdefinekeys 2019-12-19 v1.6 Define keys (HO)
)
(/nix/store/dy298nc1lrfg8h9zdc7yiqrzzd4qgk27-texlive-combined-full-2022-final-t
exmfdist/tex/generic/pdfescape/pdfescape.sty
Package: pdfescape 2019/12/09 v1.15 Implements pdfTeX's escape features (HO)
)
(/nix/store/dy298nc1lrfg8h9zdc7yiqrzzd4qgk27-texlive-combined-full-2022-final-t
exmfdist/tex/latex/hycolor/hycolor.sty
Package: hycolor 2020-01-27 v1.10 Color options for hyperref/bookmark (HO)
)
(/nix/store/dy298nc1lrfg8h9zdc7yiqrzzd4qgk27-texlive-combined-full-2022-final-t
exmfdist/tex/latex/letltxmacro/letltxmacro.sty
Package: letltxmacro 2019/12/03 v1.6 Let assignment for LaTeX macros (HO)
)
(/nix/store/dy298nc1lrfg8h9zdc7yiqrzzd4qgk27-texlive-combined-full-2022-final-t
exmfdist/tex/latex/auxhook/auxhook.sty
Package: auxhook 2019-12-17 v1.6 Hooks for auxiliary files (HO)
)
(/nix/store/dy298nc1lrfg8h9zdc7yiqrzzd4qgk27-texlive-combined-full-2022-final-t
exmfdist/tex/latex/hyperref/nameref.sty
Package: nameref 2022-05-17 v2.50 Cross-referencing by name of section

(/nix/store/dy298nc1lrfg8h9zdc7yiqrzzd4qgk27-texlive-combined-full-2022-final-t
exmfdist/tex/latex/refcount/refcount.sty
Package: refcount 2019/12/15 v3.6 Data extraction from label references (HO)
)
(/nix/store/dy298nc1lrfg8h9zdc7yiqrzzd4qgk27-texlive-combined-full-2022-final-t
exmfdist/tex/generic/gettitlestring/gettitlestring.sty
Package: gettitlestring 2019/12/15 v1.6 Cleanup title references (HO)

(/nix/store/dy298nc1lrfg8h9zdc7yiqrzzd4qgk27-texlive-combined-full-2022-final-t
exmfdist/tex/latex/kvoptions/kvoptions.sty
Package: kvoptions 2022-06-15 v3.15 Key value format for package options (HO)
))
\c@section@level=\count193
)
\@linkdim=\dimen141
\Hy@linkcounter=\count194
\Hy@pagecounter=\count195

(/nix/store/dy298nc1lrfg8h9zdc7yiqrzzd4qgk27-texlive-combined-full-2022-final-t
exmfdist/tex/latex/hyperref/pd1enc.def
File: pd1enc.def 2023-02-07 v7.00v Hyperref: PDFDocEncoding definition (HO)
Now handling font encoding PD1 ...
... no UTF-8 mapping file for font encoding PD1
)
(/nix/store/dy298nc1lrfg8h9zdc7yiqrzzd4qgk27-texlive-combined-full-2022-final-t
exmfdist/tex/generic/intcalc/intcalc.sty
Package: intcalc 2019/12/15 v1.3 Expandable calculations with integers (HO)
)
(/nix/store/dy298nc1lrfg8h9zdc7yiqrzzd4qgk27-texlive-combined-full-2022-final-t
exmfdist/tex/generic/etexcmds/etexcmds.sty
Package: etexcmds 2019/12/15 v1.7 Avoid name clashes with e-TeX commands (HO)
)
\Hy@SavedSpaceFactor=\count196

(/nix/store/dy298nc1lrfg8h9zdc7yiqrzzd4qgk27-texlive-combined-full-2022-final-t
exmfdist/tex/latex/hyperref/puenc.def
File: puenc.def 2023-02-07 v7.00v Hyperref: PDF Unicode definition (HO)
Now handling font encoding PU ...
... no UTF-8 mapping file for font encoding PU
)
Package hyperref Info: Hyper figures OFF on input line 4177.
Package hyperref Info: Link nesting OFF on input line 4182.
Package hyperref Info: Hyper index ON on input line 4185.
Package hyperref Info: Plain pages OFF on input line 4192.
Package hyperref Info: Backreferencing OFF on input line 4197.
Package hyperref Info: Implicit mode ON; LaTeX internals redefined.
Package hyperref Info: Bookmarks ON on input line 4425.
\c@Hy@tempcnt=\count197

(/nix/store/dy298nc1lrfg8h9zdc7yiqrzzd4qgk27-texlive-combined-full-2022-final-t
exmfdist/tex/latex/url/url.sty
\Urlmuskip=\muskip16
Package: url 2013/09/16  ver 3.4  Verb mode for urls, etc.
)
LaTeX Info: Redefining \url on input line 4763.
\XeTeXLinkMargin=\dimen142

(/nix/store/dy298nc1lrfg8h9zdc7yiqrzzd4qgk27-texlive-combined-full-2022-final-t
exmfdist/tex/generic/bitset/bitset.sty
Package: bitset 2019/12/09 v1.3 Handle bit-vector datatype (HO)

(/nix/store/dy298nc1lrfg8h9zdc7yiqrzzd4qgk27-texlive-combined-full-2022-final-t
exmfdist/tex/generic/bigintcalc/bigintcalc.sty
Package: bigintcalc 2019/12/15 v1.5 Expandable calculations on big integers (HO
)
))
\Fld@menulength=\count198
\Field@Width=\dimen143
\Fld@charsize=\dimen144
Package hyperref Info: Hyper figures OFF on input line 6042.
Package hyperref Info: Link nesting OFF on input line 6047.
Package hyperref Info: Hyper index ON on input line 6050.
Package hyperref Info: backreferencing OFF on input line 6057.
Package hyperref Info: Link coloring OFF on input line 6062.
Package hyperref Info: Link coloring with OCG OFF on input line 6067.
Package hyperref Info: PDF/A mode OFF on input line 6072.

(/nix/store/dy298nc1lrfg8h9zdc7yiqrzzd4qgk27-texlive-combined-full-2022-final-t
exmfdist/tex/latex/base/atbegshi-ltx.sty
Package: atbegshi-ltx 2021/01/10 v1.0c Emulation of the original atbegshi
package with kernel methods
)
\Hy@abspage=\count199
\c@Item=\count266
\c@Hfootnote=\count267
)
Package hyperref Info: Driver (autodetected): hpdftex.

(/nix/store/dy298nc1lrfg8h9zdc7yiqrzzd4qgk27-texlive-combined-full-2022-final-t
exmfdist/tex/latex/hyperref/hpdftex.def
File: hpdftex.def 2023-02-07 v7.00v Hyperref driver for pdfTeX

(/nix/store/dy298nc1lrfg8h9zdc7yiqrzzd4qgk27-texlive-combined-full-2022-final-t
exmfdist/tex/latex/base/atveryend-ltx.sty
Package: atveryend-ltx 2020/08/19 v1.0a Emulation of the original atveryend pac
kage
with kernel methods
)
\Fld@listcount=\count268
\c@bookmark@seq@number=\count269

(/nix/store/dy298nc1lrfg8h9zdc7yiqrzzd4qgk27-texlive-combined-full-2022-final-t
exmfdist/tex/latex/rerunfilecheck/rerunfilecheck.sty
Package: rerunfilecheck 2022-07-10 v1.10 Rerun checks for auxiliary files (HO)

(/nix/store/dy298nc1lrfg8h9zdc7yiqrzzd4qgk27-texlive-combined-full-2022-final-t
exmfdist/tex/generic/uniquecounter/uniquecounter.sty
Package: uniquecounter 2019/12/15 v1.4 Provide unlimited unique counter (HO)
)
Package uniquecounter Info: New unique counter `rerunfilecheck' on input line 2
85.
)
\Hy@SectionHShift=\skip50
)
(/nix/store/dy298nc1lrfg8h9zdc7yiqrzzd4qgk27-texlive-combined-full-2022-final-t
exmfdist/tex/latex/bookmark/bkm-pdftex.def
File: bkm-pdftex.def 2020-11-06 v1.29 bookmark driver for pdfTeX (HO)
\BKM@id=\count270
))
(/nix/store/dy298nc1lrfg8h9zdc7yiqrzzd4qgk27-texlive-combined-full-2022-final-t
exmfdist/tex/latex/lipsum/lipsum.sty
(/nix/store/dy298nc1lrfg8h9zdc7yiqrzzd4qgk27-texlive-combined-full-2022-final-t
exmfdist/tex/latex/l3packages/l3keys2e/l3keys2e.sty
(/nix/store/dy298nc1lrfg8h9zdc7yiqrzzd4qgk27-texlive-combined-full-2022-final-t
exmfdist/tex/latex/l3kernel/expl3.sty
Package: expl3 2023-02-22 L3 programming layer (loader) 

(/nix/store/dy298nc1lrfg8h9zdc7yiqrzzd4qgk27-texlive-combined-full-2022-final-t
exmfdist/tex/latex/l3backend/l3backend-pdftex.def
File: l3backend-pdftex.def 2023-01-16 L3 backend support: PDF output (pdfTeX)
\l__color_backend_stack_int=\count271
\l__pdf_internal_box=\box51
))
Package: l3keys2e 2023-02-02 LaTeX2e option processing using LaTeX3 keys
)
Package: lipsum 2021-09-20 v2.7 150 paragraphs of Lorem Ipsum dummy text
\g__lipsum_par_int=\count272
\l__lipsum_a_int=\count273
\l__lipsum_b_int=\count274

(/nix/store/dy298nc1lrfg8h9zdc7yiqrzzd4qgk27-texlive-combined-full-2022-final-t
exmfdist/tex/latex/lipsum/lipsum.ltd.tex))
(/nix/store/dy298nc1lrfg8h9zdc7yiqrzzd4qgk27-texlive-combined-full-2022-final-t
exmfdist/tex/latex/footmisc/footmisc.sty
Package: footmisc 2022/03/08 v6.0d a miscellany of footnote facilities
\FN@temptoken=\toks17
\footnotemargin=\dimen145
\@outputbox@depth=\dimen146
Package footmisc Info: Declaring symbol style bringhurst on input line 695.
Package footmisc Info: Declaring symbol style chicago on input line 703.
Package footmisc Info: Declaring symbol style wiley on input line 712.
Package footmisc Info: Declaring symbol style lamport-robust on input line 723.

Package footmisc Info: Declaring symbol style lamport* on input line 743.
Package footmisc Info: Declaring symbol style lamport*-robust on input line 764
.
)
(/nix/store/dy298nc1lrfg8h9zdc7yiqrzzd4qgk27-texlive-combined-full-2022-final-t
exmfdist/tex/latex/tools/calc.sty
Package: calc 2017/05/25 v4.3 Infix arithmetic (KKT,FJ)
\calc@Acount=\count275
\calc@Bcount=\count276
\calc@Adimen=\dimen147
\calc@Bdimen=\dimen148
\calc@Askip=\skip51
\calc@Bskip=\skip52
LaTeX Info: Redefining \setlength on input line 80.
LaTeX Info: Redefining \addtolength on input line 81.
\calc@Ccount=\count277
\calc@Cskip=\skip53
)
(/nix/store/dy298nc1lrfg8h9zdc7yiqrzzd4qgk27-texlive-combined-full-2022-final-t
exmfdist/tex/latex/base/textcomp.sty
Package: textcomp 2020/02/02 v2.0n Standard LaTeX package
)
(/nix/store/dy298nc1lrfg8h9zdc7yiqrzzd4qgk27-texlive-combined-full-2022-final-t
exmfdist/tex/latex/pdfpages/pdfpages.sty
Package: pdfpages 2022/12/19 v0.5x Insert pages of external PDF documents (AM)

(/nix/store/dy298nc1lrfg8h9zdc7yiqrzzd4qgk27-texlive-combined-full-2022-final-t
exmfdist/tex/latex/base/ifthen.sty
Package: ifthen 2022/04/13 v1.1d Standard LaTeX ifthen package (DPC)
)
(/nix/store/dy298nc1lrfg8h9zdc7yiqrzzd4qgk27-texlive-combined-full-2022-final-t
exmfdist/tex/latex/eso-pic/eso-pic.sty
Package: eso-pic 2020/10/14 v3.0a eso-pic (RN)
\ESO@tempdima=\dimen149
\ESO@tempdimb=\dimen150

(/nix/store/dy298nc1lrfg8h9zdc7yiqrzzd4qgk27-texlive-combined-full-2022-final-t
exmfdist/tex/latex/xcolor/xcolor.sty
Package: xcolor 2022/06/12 v2.14 LaTeX color extensions (UK)

(/nix/store/dy298nc1lrfg8h9zdc7yiqrzzd4qgk27-texlive-combined-full-2022-final-t
exmfdist/tex/latex/graphics-cfg/color.cfg
File: color.cfg 2016/01/02 v1.6 sample color configuration
)
Package xcolor Info: Driver file: pdftex.def on input line 227.

(/nix/store/dy298nc1lrfg8h9zdc7yiqrzzd4qgk27-texlive-combined-full-2022-final-t
exmfdist/tex/latex/graphics-def/pdftex.def
File: pdftex.def 2022/09/22 v1.2b Graphics/color driver for pdftex
)
(/nix/store/dy298nc1lrfg8h9zdc7yiqrzzd4qgk27-texlive-combined-full-2022-final-t
exmfdist/tex/latex/graphics/mathcolor.ltx)
Package xcolor Info: Model `cmy' substituted by `cmy0' on input line 1353.
Package xcolor Info: Model `hsb' substituted by `rgb' on input line 1357.
Package xcolor Info: Model `RGB' extended on input line 1369.
Package xcolor Info: Model `HTML' substituted by `rgb' on input line 1371.
Package xcolor Info: Model `Hsb' substituted by `hsb' on input line 1372.
Package xcolor Info: Model `tHsb' substituted by `hsb' on input line 1373.
Package xcolor Info: Model `HSB' substituted by `hsb' on input line 1374.
Package xcolor Info: Model `Gray' substituted by `gray' on input line 1375.
Package xcolor Info: Model `wave' substituted by `hsb' on input line 1376.
))
(/nix/store/dy298nc1lrfg8h9zdc7yiqrzzd4qgk27-texlive-combined-full-2022-final-t
exmfdist/tex/latex/graphics/graphicx.sty
Package: graphicx 2021/09/16 v1.2d Enhanced LaTeX Graphics (DPC,SPQR)

(/nix/store/dy298nc1lrfg8h9zdc7yiqrzzd4qgk27-texlive-combined-full-2022-final-t
exmfdist/tex/latex/graphics/graphics.sty
Package: graphics 2022/03/10 v1.4e Standard LaTeX Graphics (DPC,SPQR)

(/nix/store/dy298nc1lrfg8h9zdc7yiqrzzd4qgk27-texlive-combined-full-2022-final-t
exmfdist/tex/latex/graphics/trig.sty
Package: trig 2021/08/11 v1.11 sin cos tan (DPC)
)
(/nix/store/dy298nc1lrfg8h9zdc7yiqrzzd4qgk27-texlive-combined-full-2022-final-t
exmfdist/tex/latex/graphics-cfg/graphics.cfg
File: graphics.cfg 2016/06/04 v1.11 sample graphics configuration
)
Package graphics Info: Driver file: pdftex.def on input line 107.
)
\Gin@req@height=\dimen151
\Gin@req@width=\dimen152
)
\AM@pagewidth=\dimen153
\AM@pageheight=\dimen154
\AM@fboxrule=\dimen155

(/nix/store/dy298nc1lrfg8h9zdc7yiqrzzd4qgk27-texlive-combined-full-2022-final-t
exmfdist/tex/latex/pdfpages/pppdftex.def
File: pppdftex.def 2022/12/19 v0.5x Pdfpages driver for pdfTeX (AM)
)
\pdfpages@includegraphics@status=\count278
\AM@pagebox=\box52
\AM@global@opts=\toks18
\AM@pagecnt=\count279
\AM@toc@title=\toks19
\AM@lof@heading=\toks20
\c@AM@survey=\count280
\AM@templatesizebox=\box53
)
(/nix/store/dy298nc1lrfg8h9zdc7yiqrzzd4qgk27-texlive-combined-full-2022-final-t
exmfdist/tex/generic/soul/soul.sty
Package: soul 2023-02-18 v3.0 Permit use of UTF-8 characters in soul (HO)

(/nix/store/dy298nc1lrfg8h9zdc7yiqrzzd4qgk27-texlive-combined-full-2022-final-t
exmfdist/tex/generic/soul/soul-ori.sty
Package: soul-ori 2023-02-18 v3.0 letterspacing/underlining (mf)
\SOUL@word=\toks21
\SOUL@lasttoken=\toks22
\SOUL@syllable=\toks23
\SOUL@cmds=\toks24
\SOUL@buffer=\toks25
\SOUL@token=\toks26
\SOUL@syllgoal=\dimen156
\SOUL@syllwidth=\dimen157
\SOUL@charkern=\dimen158
\SOUL@hyphkern=\dimen159
\SOUL@dimen=\dimen160
\SOUL@dimeni=\dimen161
\SOUL@minus=\count281
\SOUL@comma=\count282
\SOUL@apo=\count283
\SOUL@grave=\count284
\SOUL@spaceskip=\skip54
\SOUL@ttwidth=\dimen162
\SOUL@uldp=\dimen163
\SOUL@ulht=\dimen164
))
(/nix/store/dy298nc1lrfg8h9zdc7yiqrzzd4qgk27-texlive-combined-full-2022-final-t
exmfdist/tex/latex/cite/cite.sty
LaTeX Info: Redefining \cite on input line 302.
LaTeX Info: Redefining \nocite on input line 332.
Package: cite 2015/02/27  v 5.5
)
(/nix/store/dy298nc1lrfg8h9zdc7yiqrzzd4qgk27-texlive-combined-full-2022-final-t
exmfdist/tex/latex/titlesec/titlesec.sty
Package: titlesec 2021/07/05 v2.14 Sectioning titles
\ttl@box=\box54
\beforetitleunit=\skip55
\aftertitleunit=\skip56
\ttl@plus=\dimen165
\ttl@minus=\dimen166
\ttl@toksa=\toks27
\titlewidth=\dimen167
\titlewidthlast=\dimen168
\titlewidthfirst=\dimen169
)
(/nix/store/dy298nc1lrfg8h9zdc7yiqrzzd4qgk27-texlive-combined-full-2022-final-t
exmfdist/tex/latex/subfiles/subfiles.sty
Package: subfiles 2020/11/14 v2.2 Multi-file projects (package)

(/nix/store/dy298nc1lrfg8h9zdc7yiqrzzd4qgk27-texlive-combined-full-2022-final-t
exmfdist/tex/latex/import/import.sty
Package: import 2020/04/01  v 6.2
))
(/nix/store/dy298nc1lrfg8h9zdc7yiqrzzd4qgk27-texlive-combined-full-2022-final-t
exmfdist/tex/latex/geometry/geometry.sty
Package: geometry 2020/01/02 v5.9 Page Geometry

(/nix/store/dy298nc1lrfg8h9zdc7yiqrzzd4qgk27-texlive-combined-full-2022-final-t
exmfdist/tex/generic/iftex/ifvtex.sty
Package: ifvtex 2019/10/25 v1.7 ifvtex legacy package. Use iftex instead.
)
\Gm@cnth=\count285
\Gm@cntv=\count286
\c@Gm@tempcnt=\count287
\Gm@bindingoffset=\dimen170
\Gm@wd@mp=\dimen171
\Gm@odd@mp=\dimen172
\Gm@even@mp=\dimen173
\Gm@layoutwidth=\dimen174
\Gm@layoutheight=\dimen175
\Gm@layouthoffset=\dimen176
\Gm@layoutvoffset=\dimen177
\Gm@dimlist=\toks28
)
Package hyperref Info: Option `colorlinks' set `true' on input line 20.
)
(/home/ramak/projects/LaTeX-libraries/Math.tex
(/nix/store/dy298nc1lrfg8h9zdc7yiqrzzd4qgk27-texlive-combined-full-2022-final-t
exmfdist/tex/latex/amsmath/amsmath.sty
Package: amsmath 2022/04/08 v2.17n AMS math features
\@mathmargin=\skip57

For additional information on amsmath, use the `?' option.

(/nix/store/dy298nc1lrfg8h9zdc7yiqrzzd4qgk27-texlive-combined-full-2022-final-t
exmfdist/tex/latex/amsmath/amstext.sty
Package: amstext 2021/08/26 v2.01 AMS text

(/nix/store/dy298nc1lrfg8h9zdc7yiqrzzd4qgk27-texlive-combined-full-2022-final-t
exmfdist/tex/latex/amsmath/amsgen.sty
File: amsgen.sty 1999/11/30 v2.0 generic functions
\@emptytoks=\toks29
\ex@=\dimen178
))
(/nix/store/dy298nc1lrfg8h9zdc7yiqrzzd4qgk27-texlive-combined-full-2022-final-t
exmfdist/tex/latex/amsmath/amsbsy.sty
Package: amsbsy 1999/11/29 v1.2d Bold Symbols
\pmbraise@=\dimen179
)
(/nix/store/dy298nc1lrfg8h9zdc7yiqrzzd4qgk27-texlive-combined-full-2022-final-t
exmfdist/tex/latex/amsmath/amsopn.sty
Package: amsopn 2022/04/08 v2.04 operator names
)
\inf@bad=\count288
LaTeX Info: Redefining \frac on input line 234.
\uproot@=\count289
\leftroot@=\count290
LaTeX Info: Redefining \overline on input line 399.
LaTeX Info: Redefining \colon on input line 410.
\classnum@=\count291
\DOTSCASE@=\count292
LaTeX Info: Redefining \ldots on input line 496.
LaTeX Info: Redefining \dots on input line 499.
LaTeX Info: Redefining \cdots on input line 620.
\Mathstrutbox@=\box55
\strutbox@=\box56
LaTeX Info: Redefining \big on input line 722.
LaTeX Info: Redefining \Big on input line 723.
LaTeX Info: Redefining \bigg on input line 724.
LaTeX Info: Redefining \Bigg on input line 725.
\big@size=\dimen180
LaTeX Font Info:    Redeclaring font encoding OML on input line 743.
LaTeX Font Info:    Redeclaring font encoding OMS on input line 744.
\macc@depth=\count293
LaTeX Info: Redefining \bmod on input line 905.
LaTeX Info: Redefining \pmod on input line 910.
LaTeX Info: Redefining \smash on input line 940.
LaTeX Info: Redefining \relbar on input line 970.
LaTeX Info: Redefining \Relbar on input line 971.
\c@MaxMatrixCols=\count294
\dotsspace@=\muskip17
\c@parentequation=\count295
\dspbrk@lvl=\count296
\tag@help=\toks30
\row@=\count297
\column@=\count298
\maxfields@=\count299
\andhelp@=\toks31
\eqnshift@=\dimen181
\alignsep@=\dimen182
\tagshift@=\dimen183
\tagwidth@=\dimen184
\totwidth@=\dimen185
\lineht@=\dimen186
\@envbody=\toks32
\multlinegap=\skip58
\multlinetaggap=\skip59
\mathdisplay@stack=\toks33
LaTeX Info: Redefining \[ on input line 2953.
LaTeX Info: Redefining \] on input line 2954.
)
(/nix/store/dy298nc1lrfg8h9zdc7yiqrzzd4qgk27-texlive-combined-full-2022-final-t
exmfdist/tex/latex/amscls/amsthm.sty
Package: amsthm 2020/05/29 v2.20.6
\thm@style=\toks34
\thm@bodyfont=\toks35
\thm@headfont=\toks36
\thm@notefont=\toks37
\thm@headpunct=\toks38
\thm@preskip=\skip60
\thm@postskip=\skip61
\thm@headsep=\skip62
\dth@everypar=\toks39
)
(/nix/store/dy298nc1lrfg8h9zdc7yiqrzzd4qgk27-texlive-combined-full-2022-final-t
exmfdist/tex/latex/amsfonts/amssymb.sty
Package: amssymb 2013/01/14 v3.01 AMS font symbols

(/nix/store/dy298nc1lrfg8h9zdc7yiqrzzd4qgk27-texlive-combined-full-2022-final-t
exmfdist/tex/latex/amsfonts/amsfonts.sty
Package: amsfonts 2013/01/14 v3.01 Basic AMSFonts support
\symAMSa=\mathgroup4
\symAMSb=\mathgroup5
LaTeX Font Info:    Redeclaring math symbol \hbar on input line 98.
LaTeX Font Info:    Overwriting math alphabet `\mathfrak' in version `bold'
(Font)                  U/euf/m/n --> U/euf/b/n on input line 106.
))
(/nix/store/dy298nc1lrfg8h9zdc7yiqrzzd4qgk27-texlive-combined-full-2022-final-t
exmfdist/tex/latex/amsfonts/euscript.sty
Package: euscript 2009/06/22 v3.00 Euler Script fonts
LaTeX Font Info:    Overwriting math alphabet `\EuScript' in version `bold'
(Font)                  U/eus/m/n --> U/eus/b/n on input line 33.
)
(/nix/store/dy298nc1lrfg8h9zdc7yiqrzzd4qgk27-texlive-combined-full-2022-final-t
exmfdist/tex/latex/mnsymbol/MnSymbol.sty
Package: MnSymbol 2007/01/21 v1.4 support for the MnSymbol font
LaTeX Info: Redefining \dagger on input line 84.
LaTeX Info: Redefining \ddagger on input line 84.
LaTeX Info: Redefining \mathparagraph on input line 84.
LaTeX Info: Redefining \mathsection on input line 84.
LaTeX Info: Redefining \mathdollar on input line 84.
LaTeX Info: Redefining \mathsterling on input line 84.
LaTeX Info: Redefining \yen on input line 84.
LaTeX Info: Redefining \circledR on input line 84.
LaTeX Info: Redefining \circledS on input line 84.
LaTeX Info: Redefining \Re on input line 84.
LaTeX Info: Redefining \Im on input line 84.
LaTeX Info: Redefining \dotplus on input line 84.
LaTeX Info: Redefining \thicksim on input line 84.
LaTeX Info: Redefining \thickapprox on input line 84.
LaTeX Info: Redefining \veebar on input line 84.
LaTeX Info: Redefining \barwedge on input line 84.
LaTeX Info: Redefining \doublebarwedge on input line 84.
LaTeX Info: Redefining \centerdot on input line 84.
LaTeX Info: Redefining \divideontimes on input line 84.
\symMnSyA=\mathgroup6
\symMnSyB=\mathgroup7
\symMnSyC=\mathgroup8
\symMnSyD=\mathgroup9
LaTeX Font Info:    Redeclaring symbol font `largesymbols' on input line 119.
LaTeX Font Info:    Overwriting symbol font `largesymbols' in version `normal'
(Font)                  OMX/cmex/m/n --> OMX/MnSymbolE/m/n on input line 119.
LaTeX Font Info:    Overwriting symbol font `largesymbols' in version `bold'
(Font)                  OMX/cmex/m/n --> OMX/MnSymbolE/m/n on input line 119.
LaTeX Font Info:    Redeclaring symbol font `symbols' on input line 120.
LaTeX Font Info:    Encoding `OMS' has changed to `U' for symbol font
(Font)              `symbols' in the math version `normal' on input line 120.
LaTeX Font Info:    Overwriting symbol font `symbols' in version `normal'
(Font)                  OMS/cmsy/m/n --> U/MnSymbolF/m/n on input line 120.
LaTeX Font Info:    Encoding `OMS' has changed to `U' for symbol font
(Font)              `symbols' in the math version `bold' on input line 120.
LaTeX Font Info:    Overwriting symbol font `symbols' in version `bold'
(Font)                  OMS/cmsy/b/n --> U/MnSymbolF/m/n on input line 120.
LaTeX Font Info:    Overwriting symbol font `MnSyA' in version `bold'
(Font)                  U/MnSymbolA/m/n --> U/MnSymbolA/b/n on input line 121.
LaTeX Font Info:    Overwriting symbol font `MnSyB' in version `bold'
(Font)                  U/MnSymbolB/m/n --> U/MnSymbolB/b/n on input line 122.
LaTeX Font Info:    Overwriting symbol font `MnSyC' in version `bold'
(Font)                  U/MnSymbolC/m/n --> U/MnSymbolC/b/n on input line 123.
LaTeX Font Info:    Overwriting symbol font `MnSyD' in version `bold'
(Font)                  U/MnSymbolD/m/n --> U/MnSymbolD/b/n on input line 124.
LaTeX Font Info:    Overwriting symbol font `largesymbols' in version `bold'
(Font)                  OMX/MnSymbolE/m/n --> OMX/MnSymbolE/b/n on input line 1
25.
LaTeX Font Info:    Overwriting symbol font `symbols' in version `bold'
(Font)                  U/MnSymbolF/m/n --> U/MnSymbolF/b/n on input line 126.
LaTeX Font Info:    Redeclaring math alphabet \mathcal on input line 241.
LaTeX Font Info:    Overwriting math alphabet `\mathcal' in version `bold'
(Font)                  OMS/MnSymbolS/m/n --> OMS/MnSymbolS/b/n on input line 2
41.
LaTeX Info: Redefining \longrightarrow on input line 548.
LaTeX Info: Redefining \longleftarrow on input line 549.
LaTeX Info: Redefining \longleftrightarrow on input line 550.
LaTeX Info: Redefining \Longrightarrow on input line 551.
LaTeX Info: Redefining \Longleftarrow on input line 552.
LaTeX Info: Redefining \Longleftrightarrow on input line 553.
LaTeX Info: Redefining \longmapsto on input line 554.
LaTeX Info: Redefining \vdots on input line 868.
LaTeX Font Info:    Redeclaring math symbol \braceld on input line 1721.
LaTeX Font Info:    Redeclaring math symbol \bracelu on input line 1722.
LaTeX Font Info:    Redeclaring math symbol \bracerd on input line 1723.
LaTeX Font Info:    Redeclaring math symbol \braceru on input line 1724.
LaTeX Info: Redefining \downbracefill on input line 1799.
LaTeX Info: Redefining \upbracefill on input line 1800.
LaTeX Info: Redefining \overbrace on input line 1819.
LaTeX Info: Redefining \underbrace on input line 1820.
LaTeX Info: Redefining \surd on input line 1843.
LaTeX Font Info:    Redeclaring math accent \widehat on input line 1845.
LaTeX Font Info:    Redeclaring math accent \widetilde on input line 1846.
LaTeX Font Info:    Redeclaring math accent \vec on input line 1848.
)
(/nix/store/dy298nc1lrfg8h9zdc7yiqrzzd4qgk27-texlive-combined-full-2022-final-t
exmfdist/tex/latex/jknapltx/mathrsfs.sty
Package: mathrsfs 1996/01/01 Math RSFS package v1.0 (jk)
\symrsfs=\mathgroup10
))
(/home/ramak/projects/LaTeX-libraries/Graphics.tex
(/nix/store/dy298nc1lrfg8h9zdc7yiqrzzd4qgk27-texlive-combined-full-2022-final-t
exmfdist/tex/latex/pgf/frontendlayer/tikz.sty
(/nix/store/dy298nc1lrfg8h9zdc7yiqrzzd4qgk27-texlive-combined-full-2022-final-t
exmfdist/tex/latex/pgf/basiclayer/pgf.sty
(/nix/store/dy298nc1lrfg8h9zdc7yiqrzzd4qgk27-texlive-combined-full-2022-final-t
exmfdist/tex/latex/pgf/utilities/pgfrcs.sty
(/nix/store/dy298nc1lrfg8h9zdc7yiqrzzd4qgk27-texlive-combined-full-2022-final-t
exmfdist/tex/generic/pgf/utilities/pgfutil-common.tex
\pgfutil@everybye=\toks40
\pgfutil@tempdima=\dimen187
\pgfutil@tempdimb=\dimen188
)
(/nix/store/dy298nc1lrfg8h9zdc7yiqrzzd4qgk27-texlive-combined-full-2022-final-t
exmfdist/tex/generic/pgf/utilities/pgfutil-latex.def
\pgfutil@abb=\box57
)
(/nix/store/dy298nc1lrfg8h9zdc7yiqrzzd4qgk27-texlive-combined-full-2022-final-t
exmfdist/tex/generic/pgf/utilities/pgfrcs.code.tex
(/nix/store/dy298nc1lrfg8h9zdc7yiqrzzd4qgk27-texlive-combined-full-2022-final-t
exmfdist/tex/generic/pgf/pgf.revision.tex)
Package: pgfrcs 2023-01-15 v3.1.10 (3.1.10)
))
Package: pgf 2023-01-15 v3.1.10 (3.1.10)

(/nix/store/dy298nc1lrfg8h9zdc7yiqrzzd4qgk27-texlive-combined-full-2022-final-t
exmfdist/tex/latex/pgf/basiclayer/pgfcore.sty
(/nix/store/dy298nc1lrfg8h9zdc7yiqrzzd4qgk27-texlive-combined-full-2022-final-t
exmfdist/tex/latex/pgf/systemlayer/pgfsys.sty
(/nix/store/dy298nc1lrfg8h9zdc7yiqrzzd4qgk27-texlive-combined-full-2022-final-t
exmfdist/tex/generic/pgf/systemlayer/pgfsys.code.tex
Package: pgfsys 2023-01-15 v3.1.10 (3.1.10)

(/nix/store/dy298nc1lrfg8h9zdc7yiqrzzd4qgk27-texlive-combined-full-2022-final-t
exmfdist/tex/generic/pgf/utilities/pgfkeys.code.tex
\pgfkeys@pathtoks=\toks41
\pgfkeys@temptoks=\toks42

(/nix/store/dy298nc1lrfg8h9zdc7yiqrzzd4qgk27-texlive-combined-full-2022-final-t
exmfdist/tex/generic/pgf/utilities/pgfkeyslibraryfiltered.code.tex
\pgfkeys@tmptoks=\toks43
))
\pgf@x=\dimen189
\pgf@y=\dimen190
\pgf@xa=\dimen191
\pgf@ya=\dimen192
\pgf@xb=\dimen193
\pgf@yb=\dimen194
\pgf@xc=\dimen195
\pgf@yc=\dimen196
\pgf@xd=\dimen197
\pgf@yd=\dimen198
\w@pgf@writea=\write3
\r@pgf@reada=\read2
\c@pgf@counta=\count300
\c@pgf@countb=\count301
\c@pgf@countc=\count302
\c@pgf@countd=\count303
\t@pgf@toka=\toks44
\t@pgf@tokb=\toks45
\t@pgf@tokc=\toks46
\pgf@sys@id@count=\count304

(/nix/store/dy298nc1lrfg8h9zdc7yiqrzzd4qgk27-texlive-combined-full-2022-final-t
exmfdist/tex/generic/pgf/systemlayer/pgf.cfg
File: pgf.cfg 2023-01-15 v3.1.10 (3.1.10)
)
Driver file for pgf: pgfsys-pdftex.def

(/nix/store/dy298nc1lrfg8h9zdc7yiqrzzd4qgk27-texlive-combined-full-2022-final-t
exmfdist/tex/generic/pgf/systemlayer/pgfsys-pdftex.def
File: pgfsys-pdftex.def 2023-01-15 v3.1.10 (3.1.10)

(/nix/store/dy298nc1lrfg8h9zdc7yiqrzzd4qgk27-texlive-combined-full-2022-final-t
exmfdist/tex/generic/pgf/systemlayer/pgfsys-common-pdf.def
File: pgfsys-common-pdf.def 2023-01-15 v3.1.10 (3.1.10)
)))
(/nix/store/dy298nc1lrfg8h9zdc7yiqrzzd4qgk27-texlive-combined-full-2022-final-t
exmfdist/tex/generic/pgf/systemlayer/pgfsyssoftpath.code.tex
File: pgfsyssoftpath.code.tex 2023-01-15 v3.1.10 (3.1.10)
\pgfsyssoftpath@smallbuffer@items=\count305
\pgfsyssoftpath@bigbuffer@items=\count306
)
(/nix/store/dy298nc1lrfg8h9zdc7yiqrzzd4qgk27-texlive-combined-full-2022-final-t
exmfdist/tex/generic/pgf/systemlayer/pgfsysprotocol.code.tex
File: pgfsysprotocol.code.tex 2023-01-15 v3.1.10 (3.1.10)
))
(/nix/store/dy298nc1lrfg8h9zdc7yiqrzzd4qgk27-texlive-combined-full-2022-final-t
exmfdist/tex/generic/pgf/basiclayer/pgfcore.code.tex
Package: pgfcore 2023-01-15 v3.1.10 (3.1.10)

(/nix/store/dy298nc1lrfg8h9zdc7yiqrzzd4qgk27-texlive-combined-full-2022-final-t
exmfdist/tex/generic/pgf/math/pgfmath.code.tex
(/nix/store/dy298nc1lrfg8h9zdc7yiqrzzd4qgk27-texlive-combined-full-2022-final-t
exmfdist/tex/generic/pgf/math/pgfmathutil.code.tex)
(/nix/store/dy298nc1lrfg8h9zdc7yiqrzzd4qgk27-texlive-combined-full-2022-final-t
exmfdist/tex/generic/pgf/math/pgfmathparser.code.tex
\pgfmath@dimen=\dimen199
\pgfmath@count=\count307
\pgfmath@box=\box58
\pgfmath@toks=\toks47
\pgfmath@stack@operand=\toks48
\pgfmath@stack@operation=\toks49
)
(/nix/store/dy298nc1lrfg8h9zdc7yiqrzzd4qgk27-texlive-combined-full-2022-final-t
exmfdist/tex/generic/pgf/math/pgfmathfunctions.code.tex)
(/nix/store/dy298nc1lrfg8h9zdc7yiqrzzd4qgk27-texlive-combined-full-2022-final-t
exmfdist/tex/generic/pgf/math/pgfmathfunctions.basic.code.tex)
(/nix/store/dy298nc1lrfg8h9zdc7yiqrzzd4qgk27-texlive-combined-full-2022-final-t
exmfdist/tex/generic/pgf/math/pgfmathfunctions.trigonometric.code.tex)
(/nix/store/dy298nc1lrfg8h9zdc7yiqrzzd4qgk27-texlive-combined-full-2022-final-t
exmfdist/tex/generic/pgf/math/pgfmathfunctions.random.code.tex)
(/nix/store/dy298nc1lrfg8h9zdc7yiqrzzd4qgk27-texlive-combined-full-2022-final-t
exmfdist/tex/generic/pgf/math/pgfmathfunctions.comparison.code.tex)
(/nix/store/dy298nc1lrfg8h9zdc7yiqrzzd4qgk27-texlive-combined-full-2022-final-t
exmfdist/tex/generic/pgf/math/pgfmathfunctions.base.code.tex)
(/nix/store/dy298nc1lrfg8h9zdc7yiqrzzd4qgk27-texlive-combined-full-2022-final-t
exmfdist/tex/generic/pgf/math/pgfmathfunctions.round.code.tex)
(/nix/store/dy298nc1lrfg8h9zdc7yiqrzzd4qgk27-texlive-combined-full-2022-final-t
exmfdist/tex/generic/pgf/math/pgfmathfunctions.misc.code.tex)
(/nix/store/dy298nc1lrfg8h9zdc7yiqrzzd4qgk27-texlive-combined-full-2022-final-t
exmfdist/tex/generic/pgf/math/pgfmathfunctions.integerarithmetics.code.tex)
(/nix/store/dy298nc1lrfg8h9zdc7yiqrzzd4qgk27-texlive-combined-full-2022-final-t
exmfdist/tex/generic/pgf/math/pgfmathcalc.code.tex)
(/nix/store/dy298nc1lrfg8h9zdc7yiqrzzd4qgk27-texlive-combined-full-2022-final-t
exmfdist/tex/generic/pgf/math/pgfmathfloat.code.tex
\c@pgfmathroundto@lastzeros=\count308
))
(/nix/store/dy298nc1lrfg8h9zdc7yiqrzzd4qgk27-texlive-combined-full-2022-final-t
exmfdist/tex/generic/pgf/math/pgfint.code.tex)
(/nix/store/dy298nc1lrfg8h9zdc7yiqrzzd4qgk27-texlive-combined-full-2022-final-t
exmfdist/tex/generic/pgf/basiclayer/pgfcorepoints.code.tex
File: pgfcorepoints.code.tex 2023-01-15 v3.1.10 (3.1.10)
\pgf@picminx=\dimen256
\pgf@picmaxx=\dimen257
\pgf@picminy=\dimen258
\pgf@picmaxy=\dimen259
\pgf@pathminx=\dimen260
\pgf@pathmaxx=\dimen261
\pgf@pathminy=\dimen262
\pgf@pathmaxy=\dimen263
\pgf@xx=\dimen264
\pgf@xy=\dimen265
\pgf@yx=\dimen266
\pgf@yy=\dimen267
\pgf@zx=\dimen268
\pgf@zy=\dimen269
)
(/nix/store/dy298nc1lrfg8h9zdc7yiqrzzd4qgk27-texlive-combined-full-2022-final-t
exmfdist/tex/generic/pgf/basiclayer/pgfcorepathconstruct.code.tex
File: pgfcorepathconstruct.code.tex 2023-01-15 v3.1.10 (3.1.10)
\pgf@path@lastx=\dimen270
\pgf@path@lasty=\dimen271
)
(/nix/store/dy298nc1lrfg8h9zdc7yiqrzzd4qgk27-texlive-combined-full-2022-final-t
exmfdist/tex/generic/pgf/basiclayer/pgfcorepathusage.code.tex
File: pgfcorepathusage.code.tex 2023-01-15 v3.1.10 (3.1.10)
\pgf@shorten@end@additional=\dimen272
\pgf@shorten@start@additional=\dimen273
)
(/nix/store/dy298nc1lrfg8h9zdc7yiqrzzd4qgk27-texlive-combined-full-2022-final-t
exmfdist/tex/generic/pgf/basiclayer/pgfcorescopes.code.tex
File: pgfcorescopes.code.tex 2023-01-15 v3.1.10 (3.1.10)
\pgfpic=\box59
\pgf@hbox=\box60
\pgf@layerbox@main=\box61
\pgf@picture@serial@count=\count309
)
(/nix/store/dy298nc1lrfg8h9zdc7yiqrzzd4qgk27-texlive-combined-full-2022-final-t
exmfdist/tex/generic/pgf/basiclayer/pgfcoregraphicstate.code.tex
File: pgfcoregraphicstate.code.tex 2023-01-15 v3.1.10 (3.1.10)
\pgflinewidth=\dimen274
)
(/nix/store/dy298nc1lrfg8h9zdc7yiqrzzd4qgk27-texlive-combined-full-2022-final-t
exmfdist/tex/generic/pgf/basiclayer/pgfcoretransformations.code.tex
File: pgfcoretransformations.code.tex 2023-01-15 v3.1.10 (3.1.10)
\pgf@pt@x=\dimen275
\pgf@pt@y=\dimen276
\pgf@pt@temp=\dimen277
)
(/nix/store/dy298nc1lrfg8h9zdc7yiqrzzd4qgk27-texlive-combined-full-2022-final-t
exmfdist/tex/generic/pgf/basiclayer/pgfcorequick.code.tex
File: pgfcorequick.code.tex 2023-01-15 v3.1.10 (3.1.10)
)
(/nix/store/dy298nc1lrfg8h9zdc7yiqrzzd4qgk27-texlive-combined-full-2022-final-t
exmfdist/tex/generic/pgf/basiclayer/pgfcoreobjects.code.tex
File: pgfcoreobjects.code.tex 2023-01-15 v3.1.10 (3.1.10)
)
(/nix/store/dy298nc1lrfg8h9zdc7yiqrzzd4qgk27-texlive-combined-full-2022-final-t
exmfdist/tex/generic/pgf/basiclayer/pgfcorepathprocessing.code.tex
File: pgfcorepathprocessing.code.tex 2023-01-15 v3.1.10 (3.1.10)
)
(/nix/store/dy298nc1lrfg8h9zdc7yiqrzzd4qgk27-texlive-combined-full-2022-final-t
exmfdist/tex/generic/pgf/basiclayer/pgfcorearrows.code.tex
File: pgfcorearrows.code.tex 2023-01-15 v3.1.10 (3.1.10)
\pgfarrowsep=\dimen278
)
(/nix/store/dy298nc1lrfg8h9zdc7yiqrzzd4qgk27-texlive-combined-full-2022-final-t
exmfdist/tex/generic/pgf/basiclayer/pgfcoreshade.code.tex
File: pgfcoreshade.code.tex 2023-01-15 v3.1.10 (3.1.10)
\pgf@max=\dimen279
\pgf@sys@shading@range@num=\count310
\pgf@shadingcount=\count311
)
(/nix/store/dy298nc1lrfg8h9zdc7yiqrzzd4qgk27-texlive-combined-full-2022-final-t
exmfdist/tex/generic/pgf/basiclayer/pgfcoreimage.code.tex
File: pgfcoreimage.code.tex 2023-01-15 v3.1.10 (3.1.10)
)
(/nix/store/dy298nc1lrfg8h9zdc7yiqrzzd4qgk27-texlive-combined-full-2022-final-t
exmfdist/tex/generic/pgf/basiclayer/pgfcoreexternal.code.tex
File: pgfcoreexternal.code.tex 2023-01-15 v3.1.10 (3.1.10)
\pgfexternal@startupbox=\box62
)
(/nix/store/dy298nc1lrfg8h9zdc7yiqrzzd4qgk27-texlive-combined-full-2022-final-t
exmfdist/tex/generic/pgf/basiclayer/pgfcorelayers.code.tex
File: pgfcorelayers.code.tex 2023-01-15 v3.1.10 (3.1.10)
)
(/nix/store/dy298nc1lrfg8h9zdc7yiqrzzd4qgk27-texlive-combined-full-2022-final-t
exmfdist/tex/generic/pgf/basiclayer/pgfcoretransparency.code.tex
File: pgfcoretransparency.code.tex 2023-01-15 v3.1.10 (3.1.10)
)
(/nix/store/dy298nc1lrfg8h9zdc7yiqrzzd4qgk27-texlive-combined-full-2022-final-t
exmfdist/tex/generic/pgf/basiclayer/pgfcorepatterns.code.tex
File: pgfcorepatterns.code.tex 2023-01-15 v3.1.10 (3.1.10)
)
(/nix/store/dy298nc1lrfg8h9zdc7yiqrzzd4qgk27-texlive-combined-full-2022-final-t
exmfdist/tex/generic/pgf/basiclayer/pgfcorerdf.code.tex
File: pgfcorerdf.code.tex 2023-01-15 v3.1.10 (3.1.10)
)))
(/nix/store/dy298nc1lrfg8h9zdc7yiqrzzd4qgk27-texlive-combined-full-2022-final-t
exmfdist/tex/generic/pgf/modules/pgfmoduleshapes.code.tex
File: pgfmoduleshapes.code.tex 2023-01-15 v3.1.10 (3.1.10)
\pgfnodeparttextbox=\box63
)
(/nix/store/dy298nc1lrfg8h9zdc7yiqrzzd4qgk27-texlive-combined-full-2022-final-t
exmfdist/tex/generic/pgf/modules/pgfmoduleplot.code.tex
File: pgfmoduleplot.code.tex 2023-01-15 v3.1.10 (3.1.10)
)
(/nix/store/dy298nc1lrfg8h9zdc7yiqrzzd4qgk27-texlive-combined-full-2022-final-t
exmfdist/tex/latex/pgf/compatibility/pgfcomp-version-0-65.sty
Package: pgfcomp-version-0-65 2023-01-15 v3.1.10 (3.1.10)
\pgf@nodesepstart=\dimen280
\pgf@nodesepend=\dimen281
)
(/nix/store/dy298nc1lrfg8h9zdc7yiqrzzd4qgk27-texlive-combined-full-2022-final-t
exmfdist/tex/latex/pgf/compatibility/pgfcomp-version-1-18.sty
Package: pgfcomp-version-1-18 2023-01-15 v3.1.10 (3.1.10)
))
(/nix/store/dy298nc1lrfg8h9zdc7yiqrzzd4qgk27-texlive-combined-full-2022-final-t
exmfdist/tex/latex/pgf/utilities/pgffor.sty
(/nix/store/dy298nc1lrfg8h9zdc7yiqrzzd4qgk27-texlive-combined-full-2022-final-t
exmfdist/tex/latex/pgf/utilities/pgfkeys.sty
(/nix/store/dy298nc1lrfg8h9zdc7yiqrzzd4qgk27-texlive-combined-full-2022-final-t
exmfdist/tex/generic/pgf/utilities/pgfkeys.code.tex))
(/nix/store/dy298nc1lrfg8h9zdc7yiqrzzd4qgk27-texlive-combined-full-2022-final-t
exmfdist/tex/latex/pgf/math/pgfmath.sty
(/nix/store/dy298nc1lrfg8h9zdc7yiqrzzd4qgk27-texlive-combined-full-2022-final-t
exmfdist/tex/generic/pgf/math/pgfmath.code.tex))
(/nix/store/dy298nc1lrfg8h9zdc7yiqrzzd4qgk27-texlive-combined-full-2022-final-t
exmfdist/tex/generic/pgf/utilities/pgffor.code.tex
Package: pgffor 2023-01-15 v3.1.10 (3.1.10)
\pgffor@iter=\dimen282
\pgffor@skip=\dimen283
\pgffor@stack=\toks50
\pgffor@toks=\toks51
))
(/nix/store/dy298nc1lrfg8h9zdc7yiqrzzd4qgk27-texlive-combined-full-2022-final-t
exmfdist/tex/generic/pgf/frontendlayer/tikz/tikz.code.tex
Package: tikz 2023-01-15 v3.1.10 (3.1.10)

(/nix/store/dy298nc1lrfg8h9zdc7yiqrzzd4qgk27-texlive-combined-full-2022-final-t
exmfdist/tex/generic/pgf/libraries/pgflibraryplothandlers.code.tex
File: pgflibraryplothandlers.code.tex 2023-01-15 v3.1.10 (3.1.10)
\pgf@plot@mark@count=\count312
\pgfplotmarksize=\dimen284
)
\tikz@lastx=\dimen285
\tikz@lasty=\dimen286
\tikz@lastxsaved=\dimen287
\tikz@lastysaved=\dimen288
\tikz@lastmovetox=\dimen289
\tikz@lastmovetoy=\dimen290
\tikzleveldistance=\dimen291
\tikzsiblingdistance=\dimen292
\tikz@figbox=\box64
\tikz@figbox@bg=\box65
\tikz@tempbox=\box66
\tikz@tempbox@bg=\box67
\tikztreelevel=\count313
\tikznumberofchildren=\count314
\tikznumberofcurrentchild=\count315
\tikz@fig@count=\count316

(/nix/store/dy298nc1lrfg8h9zdc7yiqrzzd4qgk27-texlive-combined-full-2022-final-t
exmfdist/tex/generic/pgf/modules/pgfmodulematrix.code.tex
File: pgfmodulematrix.code.tex 2023-01-15 v3.1.10 (3.1.10)
\pgfmatrixcurrentrow=\count317
\pgfmatrixcurrentcolumn=\count318
\pgf@matrix@numberofcolumns=\count319
)
\tikz@expandcount=\count320

(/nix/store/dy298nc1lrfg8h9zdc7yiqrzzd4qgk27-texlive-combined-full-2022-final-t
exmfdist/tex/generic/pgf/frontendlayer/tikz/libraries/tikzlibrarytopaths.code.t
ex
File: tikzlibrarytopaths.code.tex 2023-01-15 v3.1.10 (3.1.10)
)))
(/nix/store/dy298nc1lrfg8h9zdc7yiqrzzd4qgk27-texlive-combined-full-2022-final-t
exmfdist/tex/latex/tikz-cd/tikz-cd.sty
Package: tikz-cd 2021/05/04 v1.0 Commutative diagrams with TikZ

(/nix/store/dy298nc1lrfg8h9zdc7yiqrzzd4qgk27-texlive-combined-full-2022-final-t
exmfdist/tex/generic/tikz-cd/tikzlibrarycd.code.tex
(/nix/store/dy298nc1lrfg8h9zdc7yiqrzzd4qgk27-texlive-combined-full-2022-final-t
exmfdist/tex/generic/pgf/frontendlayer/tikz/libraries/tikzlibrarymatrix.code.te
x
File: tikzlibrarymatrix.code.tex 2023-01-15 v3.1.10 (3.1.10)
)
(/nix/store/dy298nc1lrfg8h9zdc7yiqrzzd4qgk27-texlive-combined-full-2022-final-t
exmfdist/tex/generic/pgf/frontendlayer/tikz/libraries/tikzlibraryquotes.code.te
x
File: tikzlibraryquotes.code.tex 2023-01-15 v3.1.10 (3.1.10)
)
(/nix/store/dy298nc1lrfg8h9zdc7yiqrzzd4qgk27-texlive-combined-full-2022-final-t
exmfdist/tex/generic/pgf/libraries/pgflibraryarrows.meta.code.tex
File: pgflibraryarrows.meta.code.tex 2023-01-15 v3.1.10 (3.1.10)
\pgfarrowinset=\dimen293
\pgfarrowlength=\dimen294
\pgfarrowwidth=\dimen295
\pgfarrowlinewidth=\dimen296
)))
(/nix/store/dy298nc1lrfg8h9zdc7yiqrzzd4qgk27-texlive-combined-full-2022-final-t
exmfdist/tex/generic/pgf/frontendlayer/tikz/libraries/tikzlibrarybabel.code.tex
File: tikzlibrarybabel.code.tex 2023-01-15 v3.1.10 (3.1.10)
)
(/nix/store/dy298nc1lrfg8h9zdc7yiqrzzd4qgk27-texlive-combined-full-2022-final-t
exmfdist/tex/latex/caption/caption.sty
Package: caption 2022/03/01 v3.6b Customizing captions (AR)

(/nix/store/dy298nc1lrfg8h9zdc7yiqrzzd4qgk27-texlive-combined-full-2022-final-t
exmfdist/tex/latex/caption/caption3.sty
Package: caption3 2022/03/17 v2.3b caption3 kernel (AR)
\caption@tempdima=\dimen297
\captionmargin=\dimen298
\caption@leftmargin=\dimen299
\caption@rightmargin=\dimen300
\caption@width=\dimen301
\caption@indent=\dimen302
\caption@parindent=\dimen303
\caption@hangindent=\dimen304
Package caption Info: Standard document class detected.
)
\c@caption@flags=\count321
\c@continuedfloat=\count322
Package caption Info: hyperref package is loaded.
)
(/nix/store/dy298nc1lrfg8h9zdc7yiqrzzd4qgk27-texlive-combined-full-2022-final-t
exmfdist/tex/latex/caption/subcaption.sty
Package: subcaption 2022/01/07 v1.5 Sub-captions (AR)
\c@subfigure=\count323
\c@subtable=\count324
)
(/nix/store/dy298nc1lrfg8h9zdc7yiqrzzd4qgk27-texlive-combined-full-2022-final-t
exmfdist/tex/latex/wrapfig/wrapfig.sty
\wrapoverhang=\dimen305
\WF@size=\dimen306
\c@WF@wrappedlines=\count325
\WF@box=\box68
\WF@everypar=\toks52
Package: wrapfig 2003/01/31  v 3.6
)
(/nix/store/dy298nc1lrfg8h9zdc7yiqrzzd4qgk27-texlive-combined-full-2022-final-t
exmfdist/tex/latex/xifthen/xifthen.sty
Package: xifthen 2015/11/05 v1.4.0 Extended ifthen features

(/nix/store/dy298nc1lrfg8h9zdc7yiqrzzd4qgk27-texlive-combined-full-2022-final-t
exmfdist/tex/latex/ifmtarg/ifmtarg.sty
Package: ifmtarg 2018/04/16 v1.2b check for an empty argument
))
(/nix/store/dy298nc1lrfg8h9zdc7yiqrzzd4qgk27-texlive-combined-full-2022-final-t
exmfdist/tex/latex/transparent/transparent.sty
Package: transparent 2022-10-27 v1.5 Transparency with color stacks

(/nix/store/dy298nc1lrfg8h9zdc7yiqrzzd4qgk27-texlive-combined-full-2022-final-t
exmfdist/tex/latex/transparent/transparent-nometadata.sty
Package: transparent-nometadata 2022-10-27 v1.5 Transparency via pdfTeX's color
 stack (HO)
))))
(/home/ramak/projects/LaTeX-libraries/Theorem_eng.tex
\c@theorem=\count326
\c@corollary=\count327
)
(/nix/store/dy298nc1lrfg8h9zdc7yiqrzzd4qgk27-texlive-combined-full-2022-final-t
exmfdist/tex/latex/tex-gyre/tgschola.sty
Package: tgschola 2009/09/27 v1.2 TeX Gyre Schola as default roman family
)
(/nix/store/dy298nc1lrfg8h9zdc7yiqrzzd4qgk27-texlive-combined-full-2022-final-t
exmfdist/tex/latex/mathtools/mathtools.sty
Package: mathtools 2022/06/29 v1.29 mathematical typesetting tools

(/nix/store/dy298nc1lrfg8h9zdc7yiqrzzd4qgk27-texlive-combined-full-2022-final-t
exmfdist/tex/latex/mathtools/mhsetup.sty
Package: mhsetup 2021/03/18 v1.4 programming setup (MH)
)
\g_MT_multlinerow_int=\count328
\l_MT_multwidth_dim=\dimen307
\origjot=\skip63
\l_MT_shortvdotswithinadjustabove_dim=\dimen308
\l_MT_shortvdotswithinadjustbelow_dim=\dimen309
\l_MT_above_intertext_sep=\dimen310
\l_MT_below_intertext_sep=\dimen311
\l_MT_above_shortintertext_sep=\dimen312
\l_MT_below_shortintertext_sep=\dimen313
\xmathstrut@box=\box69
\xmathstrut@dim=\dimen314
)
(/nix/store/dy298nc1lrfg8h9zdc7yiqrzzd4qgk27-texlive-combined-full-2022-final-t
exmfdist/tex/latex/leftindex/leftindex.sty
(/nix/store/dy298nc1lrfg8h9zdc7yiqrzzd4qgk27-texlive-combined-full-2022-final-t
exmfdist/tex/latex/l3packages/xparse/xparse.sty
Package: xparse 2023-02-02 L3 Experimental document command parser
)
Package: leftindex 2020/08/25 v0.1beta 
\l__leftindex_phantom_height_dim=\dimen315
\l__leftindex_slanting_phantom_with_subscript_box=\box70
\l__leftindex_slanting_phantom_with_subscript_dim=\dimen316
\l__leftindex_slanting_phantom_with_subscript_without_indentation_box=\box71
\l__leftindex_slanting_phantom_with_subscript_without_indentation_dim=\dimen317

\l__leftindex_indentation_of_slanting_phantom_subscript=\dimen318
\l__leftindex_superscript_temp_box=\box72
\l__leftindex_width_of_superscript_dim=\dimen319
\l__leftindex_subscript_temp_box=\box73
\l__leftindex_width_of_subscript_dim=\dimen320
)
LaTeX Font Info:    Trying to load font information for OT1+qcs on input line 3
3.

(/nix/store/dy298nc1lrfg8h9zdc7yiqrzzd4qgk27-texlive-combined-full-2022-final-t
exmfdist/tex/latex/tex-gyre/ot1qcs.fd
File: ot1qcs.fd 2009/09/25 v1.2 font definition file for OT1/qcs
) (.aux/main.aux)
\openout1 = `main.aux'.

LaTeX Font Info:    Checking defaults for OML/cmm/m/it on input line 33.
LaTeX Font Info:    ... okay on input line 33.
LaTeX Font Info:    Checking defaults for OMS/cmsy/m/n on input line 33.
LaTeX Font Info:    ... okay on input line 33.
LaTeX Font Info:    Checking defaults for OT1/cmr/m/n on input line 33.
LaTeX Font Info:    ... okay on input line 33.
LaTeX Font Info:    Checking defaults for T1/cmr/m/n on input line 33.
LaTeX Font Info:    ... okay on input line 33.
LaTeX Font Info:    Checking defaults for TS1/cmr/m/n on input line 33.
LaTeX Font Info:    ... okay on input line 33.
LaTeX Font Info:    Checking defaults for OMX/cmex/m/n on input line 33.
LaTeX Font Info:    ... okay on input line 33.
LaTeX Font Info:    Checking defaults for U/cmr/m/n on input line 33.
LaTeX Font Info:    ... okay on input line 33.
LaTeX Font Info:    Checking defaults for PD1/pdf/m/n on input line 33.
LaTeX Font Info:    ... okay on input line 33.
LaTeX Font Info:    Checking defaults for PU/pdf/m/n on input line 33.
LaTeX Font Info:    ... okay on input line 33.
Package hyperref Info: Link coloring ON on input line 33.

(/nix/store/dy298nc1lrfg8h9zdc7yiqrzzd4qgk27-texlive-combined-full-2022-final-t
exmfdist/tex/context/base/mkii/supp-pdf.mkii
[Loading MPS to PDF converter (version 2006.09.02).]
\scratchcounter=\count329
\scratchdimen=\dimen321
\scratchbox=\box74
\nofMPsegments=\count330
\nofMParguments=\count331
\everyMPshowfont=\toks53
\MPscratchCnt=\count332
\MPscratchDim=\dimen322
\MPnumerator=\count333
\makeMPintoPDFobject=\count334
\everyMPtoPDFconversion=\toks54
)
(/nix/store/dy298nc1lrfg8h9zdc7yiqrzzd4qgk27-texlive-combined-full-2022-final-t
exmfdist/tex/latex/epstopdf-pkg/epstopdf-base.sty
Package: epstopdf-base 2020-01-24 v2.11 Base part for package epstopdf
Package epstopdf-base Info: Redefining graphics rule for `.eps' on input line 4
85.

(/nix/store/dy298nc1lrfg8h9zdc7yiqrzzd4qgk27-texlive-combined-full-2022-final-t
exmfdist/tex/latex/latexconfig/epstopdf-sys.cfg
File: epstopdf-sys.cfg 2010/07/13 v1.3 Configuration of (r)epstopdf for TeX Liv
e
))
(/nix/store/dy298nc1lrfg8h9zdc7yiqrzzd4qgk27-texlive-combined-full-2022-final-t
exmfdist/tex/latex/pdflscape/pdflscape.sty
Package: pdflscape 2022-10-27 v0.13 Display of landscape pages in PDF

(/nix/store/dy298nc1lrfg8h9zdc7yiqrzzd4qgk27-texlive-combined-full-2022-final-t
exmfdist/tex/latex/pdflscape/pdflscape-nometadata.sty
Package: pdflscape-nometadata 2022-10-28 v0.13 Display of landscape pages in PD
F (HO)

(/nix/store/dy298nc1lrfg8h9zdc7yiqrzzd4qgk27-texlive-combined-full-2022-final-t
exmfdist/tex/latex/graphics/lscape.sty
Package: lscape 2020/05/28 v3.02 Landscape Pages (DPC)
)
Package pdflscape Info: Auto-detected driver: pdftex on input line 81.
))
*geometry* driver: auto-detecting
*geometry* detected driver: pdftex
*geometry* verbose mode - [ preamble ] result:
* driver: pdftex
* paper: a4paper
* layout: <same size as paper>
* layoutoffset:(h,v)=(0.0pt,0.0pt)
* modes: 
* h-part:(L,W,R)=(50.58878pt, 496.33032pt, 50.58878pt)
* v-part:(T,H,B)=(72.26999pt, 700.50687pt, 72.26999pt)
* \paperwidth=597.50787pt
* \paperheight=845.04684pt
* \textwidth=496.33032pt
* \textheight=700.50687pt
* \oddsidemargin=-21.68121pt
* \evensidemargin=-21.68121pt
* \topmargin=-37.0pt
* \headheight=12.0pt
* \headsep=25.0pt
* \topskip=12.0pt
* \footskip=30.0pt
* \marginparwidth=35.0pt
* \marginparsep=10.0pt
* \columnsep=10.0pt
* \skip\footins=10.8pt plus 4.0pt minus 2.0pt
* \hoffset=0.0pt
* \voffset=0.0pt
* \mag=1000
* \@twocolumnfalse
* \@twosidefalse
* \@mparswitchfalse
* \@reversemarginfalse
* (1in=72.27pt=25.4mm, 1cm=28.453pt)

Package caption Info: Begin \AtBeginDocument code.
Package caption Info: wrapfig package is loaded.
Package caption Info: End \AtBeginDocument code.

Overfull \hbox (32.97646pt too wide) in paragraph at lines 39--39
[]\OT1/qcs/b/n/24.88 On re-ar-range-ment hash-ing with Haskell 
 []

LaTeX Font Info:    Trying to load font information for U+msa on input line 49.


(/nix/store/dy298nc1lrfg8h9zdc7yiqrzzd4qgk27-texlive-combined-full-2022-final-t
exmfdist/tex/latex/amsfonts/umsa.fd
File: umsa.fd 2013/01/14 v3.01 AMS symbols A
)
LaTeX Font Info:    Trying to load font information for U+msb on input line 49.


(/nix/store/dy298nc1lrfg8h9zdc7yiqrzzd4qgk27-texlive-combined-full-2022-final-t
exmfdist/tex/latex/amsfonts/umsb.fd
File: umsb.fd 2013/01/14 v3.01 AMS symbols B
)
LaTeX Font Info:    Trying to load font information for U+rsfs on input line 49
.

(/nix/store/dy298nc1lrfg8h9zdc7yiqrzzd4qgk27-texlive-combined-full-2022-final-t
exmfdist/tex/latex/jknapltx/ursfs.fd
File: ursfs.fd 1998/03/24 rsfs font definition file (jk)
)
<./figures/haskell.png, id=8, 189.70876pt x 148.555pt>
File: ./figures/haskell.png Graphic file (type png)
<use ./figures/haskell.png>
Package pdftex.def Info: ./figures/haskell.png  used on input line 55.
(pdftex.def)             Requested size: 108.405pt x 84.89029pt.
 [1

{/nix/store/nr2ib36d06bmvfk5znjn029zh5n7z510-texlive-combined-full-2022-final/s
hare/texmf-var/fonts/map/pdftex/updmap/pdftex.map} <./figures/haskell.png>] (.a
ux/main.toc)
\tf@toc=\write4
\openout4 = `main.toc'.

 [2]
LaTeX Font Info:    Trying to load font information for TS1+qcs on input line 6
9.

(/nix/store/dy298nc1lrfg8h9zdc7yiqrzzd4qgk27-texlive-combined-full-2022-final-t
exmfdist/tex/latex/tex-gyre/ts1qcs.fd
File: ts1qcs.fd 2009/09/25 v1.2 font definition file for TS1/qcs
) [3] [4] [5]
LaTeX Font Info:    Trying to load font information for TS1+cmtt on input line 
168.

(/nix/store/dy298nc1lrfg8h9zdc7yiqrzzd4qgk27-texlive-combined-full-2022-final-t
exmfdist/tex/latex/base/ts1cmtt.fd
File: ts1cmtt.fd 2022/07/10 v2.5l Standard LaTeX font definitions
)
LaTeX Font Info:    Trying to load font information for U+euf on input line 194
.

(/nix/store/dy298nc1lrfg8h9zdc7yiqrzzd4qgk27-texlive-combined-full-2022-final-t
exmfdist/tex/latex/amsfonts/ueuf.fd
File: ueuf.fd 2013/01/14 v3.01 Euler Fraktur
) [6]
Overfull \hbox (3.26436pt too wide) in paragraph at lines 211--212
[]\OT1/qcs/m/n/12 Despite the fact that the ar-gu-ment shift func-tion makes th
e pass-word se-lec-tion chaotic,
 []

[7]
Overfull \hbox (3.71182pt too wide) in paragraph at lines 226--227
[]\OT1/qcs/m/n/12 Let an el-e-ment $\OML/cmm/m/it/12 a \U/MnSymbolD/m/n/12 > \O
ML/cmm/m/it/12 A$ \OT1/qcs/m/n/12 and let $\OML/cmm/m/it/12 k[]; k[] \U/MnSymbo
lD/m/n/12 > \U/msb/m/n/12 N[]$ \OT1/qcs/m/n/12 be dis-tinct num-bers such that 
$\OML/cmm/m/it/12 h\OMX/MnSymbolE/m/n/12 ł\OML/cmm/m/it/12 a; k[]\OMX/MnSymbolE
/m/n/12 Ź \U/MnSymbolD/m/n/12 ^^@ \OML/cmm/m/it/12 h\OMX/MnSymbolE/m/n/12 ł\OML
/cmm/m/it/12 a; k[]\OMX/MnSymbolE/m/n/12 Ź$\OT1/qcs/m/n/12 .
 []

[8]
Overfull \hbox (0.50494pt too wide) in paragraph at lines 288--289
[][]\OT1/qcs/b/n/12 Exercise 2.11. []\OT1/qcs/m/it/12 Us-ing in-duc-tion and pr
opo-si-tion [][]2.7[][], prove the fol-low-ing re-sult for the spread
 []

[9] [10]

Package amsmath Warning: Foreign command \atopwithdelims;
(amsmath)                \frac or \genfrac should be used instead
(amsmath)                 on input line 349.

<figures/hash.pdf, id=137, 527.57097pt x 316.92401pt>
File: figures/hash.pdf Graphic file (type pdf)
<use figures/hash.pdf>
Package pdftex.def Info: figures/hash.pdf  used on input line 361.
(pdftex.def)             Requested size: 527.56969pt x 316.92323pt.

Overfull \hbox (31.23936pt too wide) in paragraph at lines 361--362
 [][] 
 []


LaTeX Warning: `h' float specifier changed to `ht'.

[11] [12 <./figures/hash.pdf>]
Overfull \hbox (1.27533pt too wide) detected at line 394
\OT1/cmr/m/n/12 #[]\OMX/MnSymbolE/m/n/12 ł\U/euf/m/n/12 L\OMX/MnSymbolE/m/n/12 
Ź \U/MnSymbolD/m/n/12 ^^@ \OT1/cmr/m/n/12 1\OML/cmm/m/it/12 ; \OT1/cmr/m/n/12 4
40\OML/cmm/m/it/12 ; \OT1/cmr/m/n/12 574\OML/cmm/m/it/12 ; \OT1/cmr/m/n/12 799\
OML/cmm/m/it/12 ; \OT1/cmr/m/n/12 825\OML/cmm/m/it/12 ; \OT1/cmr/m/n/12 106\OML
/cmm/m/it/12 ; \OT1/cmr/m/n/12 857\OML/cmm/m/it/12 ; \OT1/cmr/m/n/12 997\OML/cm
m/m/it/12 ; \OT1/cmr/m/n/12 997\OML/cmm/m/it/12 ; \OT1/cmr/m/n/12 293\OML/cmm/m
/it/12 ; \OT1/cmr/m/n/12 535\OML/cmm/m/it/12 ; \OT1/cmr/m/n/12 752\OML/cmm/m/it
/12 ; \OT1/cmr/m/n/12 397\OML/cmm/m/it/12 ; \OT1/cmr/m/n/12 195\OML/cmm/m/it/12
 ; \OT1/cmr/m/n/12 837\OML/cmm/m/it/12 ; \OT1/cmr/m/n/12 440\OML/cmm/m/it/12 ; 
\OT1/cmr/m/n/12 000\OML/cmm/m/it/12 ; \OT1/cmr/m/n/12 000\OML/cmm/m/it/12 ; \OT
1/cmr/m/n/12 000 \U/MnSymbolD/m/n/12 ^^D \OT1/cmr/m/n/12 10[]\OML/cmm/m/it/12 :

 []


Underfull \hbox (badness 10000) in paragraph at lines 396--397

 []


Underfull \hbox (badness 10000) in paragraph at lines 408--409

 []


Underfull \hbox (badness 10000) in paragraph at lines 411--413

 []

[13]
Underfull \hbox (badness 10000) in paragraph at lines 418--419

 []

[14]

LaTeX Font Warning: Font shape `OT1/cmtt/b/n' undefined
(Font)              using `OT1/cmtt/m/n' instead on input line 435.


Underfull \hbox (badness 10000) in paragraph at lines 437--438

 []


Underfull \hbox (badness 10000) in paragraph at lines 439--440

 []

[15] (.aux/main.aux)

LaTeX Font Warning: Some font shapes were not available, defaults substituted.

 ) 
Here is how much of TeX's memory you used:
 28759 strings out of 476024
 558845 string characters out of 5764067
 1872388 words of memory out of 5000000
 48608 multiletter control sequences out of 15000+600000
 560700 words of font info for 88 fonts, out of 8000000 for 9000
 1141 hyphenation exceptions out of 8191
 99i,17n,96p,1154b,546s stack positions out of 10000i,1000n,20000p,200000b,200000s
{/nix/store/dy298nc1lrfg8h9zdc7yiqrzzd4qgk27-texlive-combined-full-2022-final
-texmfdist/fonts/enc/dvips/mnsymbol/MnSymbolS.enc}{/nix/store/dy298nc1lrfg8h9zd
c7yiqrzzd4qgk27-texlive-combined-full-2022-final-texmfdist/fonts/enc/dvips/mnsy
mbol/MnSymbolF.enc}{/nix/store/dy298nc1lrfg8h9zdc7yiqrzzd4qgk27-texlive-combine
d-full-2022-final-texmfdist/fonts/enc/dvips/mnsymbol/MnSymbolC.enc}{/nix/store/
dy298nc1lrfg8h9zdc7yiqrzzd4qgk27-texlive-combined-full-2022-final-texmfdist/fon
ts/enc/dvips/mnsymbol/MnSymbolD.enc}{/nix/store/dy298nc1lrfg8h9zdc7yiqrzzd4qgk2
7-texlive-combined-full-2022-final-texmfdist/fonts/enc/dvips/cm-super/cm-super-
ts1.enc}{/nix/store/dy298nc1lrfg8h9zdc7yiqrzzd4qgk27-texlive-combined-full-2022
-final-texmfdist/fonts/enc/dvips/tex-gyre/q-rm.enc}{/nix/store/dy298nc1lrfg8h9z
dc7yiqrzzd4qgk27-texlive-combined-full-2022-final-texmfdist/fonts/enc/dvips/mns
ymbol/MnSymbolA.enc}{/nix/store/dy298nc1lrfg8h9zdc7yiqrzzd4qgk27-texlive-combin
ed-full-2022-final-texmfdist/fonts/enc/dvips/mnsymbol/MnSymbolE.enc}{/nix/store
/dy298nc1lrfg8h9zdc7yiqrzzd4qgk27-texlive-combined-full-2022-final-texmfdist/fo
nts/enc/dvips/tex-gyre/q-ts1.enc}</nix/store/dy298nc1lrfg8h9zdc7yiqrzzd4qgk27-t
exlive-combined-full-2022-final-texmfdist/fonts/type1/public/mnsymbol/MnSymbol1
2.pfb></nix/store/dy298nc1lrfg8h9zdc7yiqrzzd4qgk27-texlive-combined-full-2022-f
inal-texmfdist/fonts/type1/public/mnsymbol/MnSymbol6.pfb></nix/store/dy298nc1lr
fg8h9zdc7yiqrzzd4qgk27-texlive-combined-full-2022-final-texmfdist/fonts/type1/p
ublic/mnsymbol/MnSymbol8.pfb></nix/store/dy298nc1lrfg8h9zdc7yiqrzzd4qgk27-texli
ve-combined-full-2022-final-texmfdist/fonts/type1/public/amsfonts/cm/cmmi12.pfb
></nix/store/dy298nc1lrfg8h9zdc7yiqrzzd4qgk27-texlive-combined-full-2022-final-
texmfdist/fonts/type1/public/amsfonts/cm/cmmi6.pfb></nix/store/dy298nc1lrfg8h9z
dc7yiqrzzd4qgk27-texlive-combined-full-2022-final-texmfdist/fonts/type1/public/
amsfonts/cm/cmmi8.pfb></nix/store/dy298nc1lrfg8h9zdc7yiqrzzd4qgk27-texlive-comb
ined-full-2022-final-texmfdist/fonts/type1/public/amsfonts/cm/cmr12.pfb></nix/s
tore/dy298nc1lrfg8h9zdc7yiqrzzd4qgk27-texlive-combined-full-2022-final-texmfdis
t/fonts/type1/public/amsfonts/cm/cmr6.pfb></nix/store/dy298nc1lrfg8h9zdc7yiqrzz
d4qgk27-texlive-combined-full-2022-final-texmfdist/fonts/type1/public/amsfonts/
cm/cmr8.pfb></nix/store/dy298nc1lrfg8h9zdc7yiqrzzd4qgk27-texlive-combined-full-
2022-final-texmfdist/fonts/type1/public/amsfonts/cm/cmsy10.pfb></nix/store/dy29
8nc1lrfg8h9zdc7yiqrzzd4qgk27-texlive-combined-full-2022-final-texmfdist/fonts/t
ype1/public/amsfonts/cm/cmtt12.pfb></nix/store/dy298nc1lrfg8h9zdc7yiqrzzd4qgk27
-texlive-combined-full-2022-final-texmfdist/fonts/type1/public/amsfonts/euler/e
ufm10.pfb></nix/store/dy298nc1lrfg8h9zdc7yiqrzzd4qgk27-texlive-combined-full-20
22-final-texmfdist/fonts/type1/public/amsfonts/symbols/msbm10.pfb></nix/store/d
y298nc1lrfg8h9zdc7yiqrzzd4qgk27-texlive-combined-full-2022-final-texmfdist/font
s/type1/public/tex-gyre/qcsb.pfb></nix/store/dy298nc1lrfg8h9zdc7yiqrzzd4qgk27-t
exlive-combined-full-2022-final-texmfdist/fonts/type1/public/tex-gyre/qcsbi.pfb
></nix/store/dy298nc1lrfg8h9zdc7yiqrzzd4qgk27-texlive-combined-full-2022-final-
texmfdist/fonts/type1/public/tex-gyre/qcsr.pfb></nix/store/dy298nc1lrfg8h9zdc7y
iqrzzd4qgk27-texlive-combined-full-2022-final-texmfdist/fonts/type1/public/tex-
gyre/qcsri.pfb></nix/store/dy298nc1lrfg8h9zdc7yiqrzzd4qgk27-texlive-combined-fu
ll-2022-final-texmfdist/fonts/type1/public/cm-super/sftt1200.pfb>
Output written on .aux/main.pdf (15 pages, 338429 bytes).
PDF statistics:
 353 PDF objects out of 1000 (max. 8388607)
 284 compressed objects within 3 object streams
 57 named destinations out of 1000 (max. 500000)
 143 words of extra memory for PDF output out of 10000 (max. 10000000)

